{"C:\\Users\\sammi\\project_team188\\src\\controller\\IInsightFacade.ts":{"path":"C:\\Users\\sammi\\project_team188\\src\\controller\\IInsightFacade.ts","statementMap":{"0":{"start":{"line":2,"column":0},"end":{"line":2,"column":62}},"1":{"start":{"line":3,"column":0},"end":{"line":3,"column":113}},"2":{"start":{"line":5,"column":0},"end":{"line":8,"column":89}},"3":{"start":{"line":6,"column":4},"end":{"line":6,"column":48}},"4":{"start":{"line":7,"column":4},"end":{"line":7,"column":42}},"5":{"start":{"line":11,"column":8},"end":{"line":11,"column":23}},"6":{"start":{"line":12,"column":8},"end":{"line":12,"column":52}},"7":{"start":{"line":15,"column":0},"end":{"line":15,"column":36}},"8":{"start":{"line":18,"column":8},"end":{"line":18,"column":23}},"9":{"start":{"line":19,"column":8},"end":{"line":19,"column":53}},"10":{"start":{"line":22,"column":0},"end":{"line":22,"column":38}},"11":{"start":{"line":25,"column":8},"end":{"line":25,"column":23}},"12":{"start":{"line":26,"column":8},"end":{"line":26,"column":59}},"13":{"start":{"line":29,"column":0},"end":{"line":29,"column":50}}},"fnMap":{"0":{"name":"(anonymous_0)","decl":{"start":{"line":5,"column":1},"end":{"line":5,"column":2}},"loc":{"start":{"line":5,"column":31},"end":{"line":8,"column":1}},"line":5},"1":{"name":"(anonymous_1)","decl":{"start":{"line":10,"column":4},"end":{"line":10,"column":5}},"loc":{"start":{"line":10,"column":25},"end":{"line":13,"column":5}},"line":10},"2":{"name":"(anonymous_2)","decl":{"start":{"line":17,"column":4},"end":{"line":17,"column":5}},"loc":{"start":{"line":17,"column":25},"end":{"line":20,"column":5}},"line":17},"3":{"name":"(anonymous_3)","decl":{"start":{"line":24,"column":4},"end":{"line":24,"column":5}},"loc":{"start":{"line":24,"column":25},"end":{"line":27,"column":5}},"line":24}},"branchMap":{"0":{"loc":{"start":{"line":8,"column":24},"end":{"line":8,"column":87}},"type":"binary-expr","locations":[{"start":{"line":8,"column":24},"end":{"line":8,"column":50}},{"start":{"line":8,"column":55},"end":{"line":8,"column":86}}],"line":8}},"s":{"0":1,"1":1,"2":1,"3":1,"4":1,"5":56,"6":56,"7":1,"8":4,"9":4,"10":1,"11":1,"12":1,"13":1},"f":{"0":1,"1":56,"2":4,"3":1},"b":{"0":[1,1]},"inputSourceMap":{"version":3,"file":"C:/Users/sammi/project_team188/src/controller/IInsightFacade.ts","sources":["C:/Users/sammi/project_team188/src/controller/IInsightFacade.ts"],"names":[],"mappings":";;;AAMA,IAAY,kBAGX;AAHD,WAAY,kBAAkB;IAC7B,2CAAqB,CAAA;IACrB,qCAAe,CAAA;AAChB,CAAC,EAHW,kBAAkB,GAAlB,0BAAkB,KAAlB,0BAAkB,QAG7B;AAYD,MAAa,YAAa,SAAQ,KAAK;IACtC,YAAY,OAAgB;QAC3B,KAAK,CAAC,OAAO,CAAC,CAAC;QACf,KAAK,CAAC,iBAAiB,CAAC,IAAI,EAAE,YAAY,CAAC,CAAC;IAC7C,CAAC;CACD;AALD,oCAKC;AAED,MAAa,aAAc,SAAQ,KAAK;IACvC,YAAY,OAAgB;QAC3B,KAAK,CAAC,OAAO,CAAC,CAAC;QACf,KAAK,CAAC,iBAAiB,CAAC,IAAI,EAAE,aAAa,CAAC,CAAC;IAC9C,CAAC;CACD;AALD,sCAKC;AAED,MAAa,mBAAoB,SAAQ,KAAK;IAC7C,YAAY,OAAgB;QAC3B,KAAK,CAAC,OAAO,CAAC,CAAC;QACf,KAAK,CAAC,iBAAiB,CAAC,IAAI,EAAE,mBAAmB,CAAC,CAAC;IACpD,CAAC;CACD;AALD,kDAKC","sourcesContent":["/*\n * This is the primary high-level API for the project. In this folder there should be:\n * A class called InsightFacade, this should be in a file called InsightFacade.ts.\n * You should not change this interface at all or the test suite will not work.\n */\n\nexport enum InsightDatasetKind {\n\tSections = \"sections\",\n\tRooms = \"rooms\",\n}\n\nexport interface InsightDataset {\n\tid: string;\n\tkind: InsightDatasetKind;\n\tnumRows: number;\n}\n\nexport interface InsightResult {\n\t[key: string]: string | number;\n}\n\nexport class InsightError extends Error {\n\tconstructor(message?: string) {\n\t\tsuper(message);\n\t\tError.captureStackTrace(this, InsightError);\n\t}\n}\n\nexport class NotFoundError extends Error {\n\tconstructor(message?: string) {\n\t\tsuper(message);\n\t\tError.captureStackTrace(this, NotFoundError);\n\t}\n}\n\nexport class ResultTooLargeError extends Error {\n\tconstructor(message?: string) {\n\t\tsuper(message);\n\t\tError.captureStackTrace(this, ResultTooLargeError);\n\t}\n}\n\nexport interface IInsightFacade {\n\t/**\n\t * Add a dataset to insightUBC.\n\t *\n\t * @param id  The id of the dataset being added. Follows the format /^[^_]+$/\n\t * @param content  The base64 content of the dataset. This content should be in the form of a serialized zip file.\n\t * @param kind  The kind of the dataset\n\t *\n\t * @return Promise <string[]>\n\t *\n\t * The promise should fulfill on a successful add, reject for any failures.\n\t * The promise should fulfill with a string array,\n\t * containing the ids of all currently added datasets upon a successful add.\n\t * The promise should reject with an InsightError describing the error.\n\t *\n\t * An id is invalid if it contains an underscore, or is only whitespace characters.\n\t * If id is the same as the id of an already added dataset, the dataset should be rejected and not saved.\n\t *\n\t * After receiving the dataset, it should be processed into a data structure of\n\t * your design. The processed data structure should be persisted to disk; your\n\t * system should be able to load this persisted value into memory for answering\n\t * queries.\n\t *\n\t * Ultimately, a dataset must be added or loaded from disk before queries can\n\t * be successfully answered.\n\t */\n\taddDataset(id: string, content: string, kind: InsightDatasetKind): Promise<string[]>;\n\n\t/**\n\t * Remove a dataset from insightUBC.\n\t *\n\t * @param id  The id of the dataset to remove. Follows the format /^[^_]+$/\n\t *\n\t * @return Promise <string>\n\t *\n\t * The promise should fulfill upon a successful removal, reject on any error.\n\t * Attempting to remove a dataset that hasn't been added yet counts as an error.\n\t *\n\t * An id is invalid if it contains an underscore, or is only whitespace characters.\n\t *\n\t * The promise should fulfill the id of the dataset that was removed.\n\t * The promise should reject with a NotFoundError (if a valid id was not yet added)\n\t * or an InsightError (invalid id or any other source of failure) describing the error.\n\t *\n\t * This will delete both disk and memory caches for the dataset for the id meaning\n\t * that subsequent queries for that id should fail unless a new addDataset happens first.\n\t */\n\tremoveDataset(id: string): Promise<string>;\n\n\t/**\n\t * Perform a query on insightUBC.\n\t *\n\t * @param query  The query to be performed.\n\t *\n\t * If a query is incorrectly formatted, references a dataset not added (in memory or on disk),\n\t * or references multiple datasets, it should be rejected.\n\t *\n\t * @return Promise <InsightResult[]>\n\t *\n\t * The promise should fulfill with an array of results.\n\t * The promise should reject with a ResultTooLargeError (if the query returns too many results)\n\t * or an InsightError (for any other source of failure) describing the error.\n\t */\n\tperformQuery(query: unknown): Promise<InsightResult[]>;\n\n\t/**\n\t * List all currently added datasets, their types, and number of rows.\n\t *\n\t * @return Promise <InsightDataset[]>\n\t * The promise should fulfill an array of currently added InsightDatasets, and will only fulfill.\n\t */\n\tlistDatasets(): Promise<InsightDataset[]>;\n}\n"]},"_coverageSchema":"1a1c01bbd47fc00a2c39e90264f33305004495a9","hash":"13eea272549f0eba1ea8d03245a1b0d4896433bc","contentHash":"bb413aee9ff6ad070bffd3be7efd38f9dfab61a0ec70e892c5b24fcc18f82e46"},"C:\\Users\\sammi\\project_team188\\src\\controller\\InsightFacade.ts":{"path":"C:\\Users\\sammi\\project_team188\\src\\controller\\InsightFacade.ts","statementMap":{"0":{"start":{"line":2,"column":22},"end":{"line":12,"column":3}},"1":{"start":{"line":3,"column":4},"end":{"line":3,"column":33}},"2":{"start":{"line":3,"column":26},"end":{"line":3,"column":33}},"3":{"start":{"line":4,"column":15},"end":{"line":4,"column":52}},"4":{"start":{"line":5,"column":4},"end":{"line":7,"column":5}},"5":{"start":{"line":6,"column":6},"end":{"line":6,"column":68}},"6":{"start":{"line":6,"column":51},"end":{"line":6,"column":63}},"7":{"start":{"line":8,"column":4},"end":{"line":8,"column":39}},"8":{"start":{"line":10,"column":4},"end":{"line":10,"column":33}},"9":{"start":{"line":10,"column":26},"end":{"line":10,"column":33}},"10":{"start":{"line":11,"column":4},"end":{"line":11,"column":17}},"11":{"start":{"line":13,"column":25},"end":{"line":17,"column":2}},"12":{"start":{"line":14,"column":4},"end":{"line":14,"column":72}},"13":{"start":{"line":16,"column":4},"end":{"line":16,"column":21}},"14":{"start":{"line":18,"column":19},"end":{"line":24,"column":1}},"15":{"start":{"line":19,"column":4},"end":{"line":19,"column":42}},"16":{"start":{"line":19,"column":31},"end":{"line":19,"column":42}},"17":{"start":{"line":20,"column":17},"end":{"line":20,"column":19}},"18":{"start":{"line":21,"column":4},"end":{"line":21,"column":141}},"19":{"start":{"line":21,"column":21},"end":{"line":21,"column":141}},"20":{"start":{"line":21,"column":40},"end":{"line":21,"column":141}},"21":{"start":{"line":21,"column":109},"end":{"line":21,"column":141}},"22":{"start":{"line":22,"column":4},"end":{"line":22,"column":36}},"23":{"start":{"line":23,"column":4},"end":{"line":23,"column":18}},"24":{"start":{"line":25,"column":22},"end":{"line":27,"column":1}},"25":{"start":{"line":26,"column":4},"end":{"line":26,"column":62}},"26":{"start":{"line":28,"column":0},"end":{"line":28,"column":62}},"27":{"start":{"line":29,"column":25},"end":{"line":29,"column":52}},"28":{"start":{"line":30,"column":11},"end":{"line":30,"column":44}},"29":{"start":{"line":31,"column":16},"end":{"line":31,"column":49}},"30":{"start":{"line":32,"column":17},"end":{"line":32,"column":65}},"31":{"start":{"line":33,"column":16},"end":{"line":33,"column":63}},"32":{"start":{"line":34,"column":15},"end":{"line":34,"column":46}},"33":{"start":{"line":35,"column":35},"end":{"line":35,"column":72}},"34":{"start":{"line":40,"column":8},"end":{"line":40,"column":34}},"35":{"start":{"line":41,"column":8},"end":{"line":41,"column":30}},"36":{"start":{"line":42,"column":25},"end":{"line":42,"column":33}},"37":{"start":{"line":43,"column":8},"end":{"line":62,"column":9}},"38":{"start":{"line":44,"column":12},"end":{"line":61,"column":15}},"39":{"start":{"line":45,"column":26},"end":{"line":45,"column":28}},"40":{"start":{"line":46,"column":16},"end":{"line":59,"column":17}},"41":{"start":{"line":47,"column":20},"end":{"line":49,"column":23}},"42":{"start":{"line":48,"column":24},"end":{"line":48,"column":92}},"43":{"start":{"line":50,"column":20},"end":{"line":50,"column":124}},"44":{"start":{"line":53,"column":32},"end":{"line":53,"column":33}},"45":{"start":{"line":54,"column":20},"end":{"line":57,"column":23}},"46":{"start":{"line":55,"column":41},"end":{"line":55,"column":92}},"47":{"start":{"line":56,"column":24},"end":{"line":56,"column":78}},"48":{"start":{"line":58,"column":20},"end":{"line":58,"column":122}},"49":{"start":{"line":60,"column":16},"end":{"line":60,"column":39}},"50":{"start":{"line":65,"column":8},"end":{"line":67,"column":9}},"51":{"start":{"line":66,"column":12},"end":{"line":66,"column":24}},"52":{"start":{"line":68,"column":8},"end":{"line":68,"column":32}},"53":{"start":{"line":71,"column":8},"end":{"line":71,"column":62}},"54":{"start":{"line":74,"column":20},"end":{"line":74,"column":21}},"55":{"start":{"line":75,"column":8},"end":{"line":106,"column":9}},"56":{"start":{"line":76,"column":12},"end":{"line":78,"column":13}},"57":{"start":{"line":77,"column":16},"end":{"line":77,"column":39}},"58":{"start":{"line":79,"column":12},"end":{"line":105,"column":13}},"59":{"start":{"line":89,"column":35},"end":{"line":100,"column":17}},"60":{"start":{"line":101,"column":16},"end":{"line":103,"column":17}},"61":{"start":{"line":102,"column":20},"end":{"line":102,"column":41}},"62":{"start":{"line":104,"column":16},"end":{"line":104,"column":24}},"63":{"start":{"line":107,"column":8},"end":{"line":109,"column":9}},"64":{"start":{"line":108,"column":12},"end":{"line":108,"column":85}},"65":{"start":{"line":110,"column":8},"end":{"line":110,"column":21}},"66":{"start":{"line":113,"column":8},"end":{"line":126,"column":9}},"67":{"start":{"line":114,"column":12},"end":{"line":122,"column":13}},"68":{"start":{"line":115,"column":16},"end":{"line":115,"column":60}},"69":{"start":{"line":117,"column":17},"end":{"line":122,"column":13}},"70":{"start":{"line":118,"column":16},"end":{"line":118,"column":57}},"71":{"start":{"line":121,"column":16},"end":{"line":121,"column":90}},"72":{"start":{"line":125,"column":12},"end":{"line":125,"column":71}},"73":{"start":{"line":129,"column":8},"end":{"line":156,"column":9}},"74":{"start":{"line":130,"column":12},"end":{"line":132,"column":13}},"75":{"start":{"line":131,"column":16},"end":{"line":131,"column":75}},"76":{"start":{"line":133,"column":22},"end":{"line":133,"column":43}},"77":{"start":{"line":134,"column":12},"end":{"line":134,"column":80}},"78":{"start":{"line":135,"column":26},"end":{"line":135,"column":47}},"79":{"start":{"line":136,"column":27},"end":{"line":136,"column":29}},"80":{"start":{"line":137,"column":22},"end":{"line":137,"column":24}},"81":{"start":{"line":138,"column":12},"end":{"line":151,"column":13}},"82":{"start":{"line":139,"column":37},"end":{"line":139,"column":62}},"83":{"start":{"line":140,"column":31},"end":{"line":140,"column":57}},"84":{"start":{"line":141,"column":16},"end":{"line":141,"column":102}},"85":{"start":{"line":142,"column":16},"end":{"line":142,"column":51}},"86":{"start":{"line":143,"column":16},"end":{"line":145,"column":17}},"87":{"start":{"line":144,"column":20},"end":{"line":144,"column":95}},"88":{"start":{"line":146,"column":16},"end":{"line":146,"column":39}},"89":{"start":{"line":147,"column":16},"end":{"line":147,"column":160}},"90":{"start":{"line":150,"column":16},"end":{"line":150,"column":93}},"91":{"start":{"line":152,"column":12},"end":{"line":152,"column":61}},"92":{"start":{"line":155,"column":12},"end":{"line":155,"column":71}},"93":{"start":{"line":159,"column":8},"end":{"line":191,"column":9}},"94":{"start":{"line":160,"column":12},"end":{"line":162,"column":13}},"95":{"start":{"line":161,"column":16},"end":{"line":161,"column":75}},"96":{"start":{"line":163,"column":22},"end":{"line":163,"column":43}},"97":{"start":{"line":164,"column":12},"end":{"line":164,"column":80}},"98":{"start":{"line":165,"column":34},"end":{"line":165,"column":55}},"99":{"start":{"line":166,"column":27},"end":{"line":166,"column":29}},"100":{"start":{"line":167,"column":22},"end":{"line":167,"column":24}},"101":{"start":{"line":168,"column":12},"end":{"line":186,"column":13}},"102":{"start":{"line":169,"column":33},"end":{"line":169,"column":34}},"103":{"start":{"line":170,"column":16},"end":{"line":176,"column":19}},"104":{"start":{"line":171,"column":20},"end":{"line":175,"column":24}},"105":{"start":{"line":172,"column":35},"end":{"line":172,"column":51}},"106":{"start":{"line":173,"column":41},"end":{"line":173,"column":52}},"107":{"start":{"line":174,"column":24},"end":{"line":174,"column":93}},"108":{"start":{"line":177,"column":16},"end":{"line":177,"column":44}},"109":{"start":{"line":178,"column":16},"end":{"line":180,"column":17}},"110":{"start":{"line":179,"column":20},"end":{"line":179,"column":89}},"111":{"start":{"line":181,"column":16},"end":{"line":181,"column":39}},"112":{"start":{"line":182,"column":16},"end":{"line":182,"column":123}},"113":{"start":{"line":185,"column":16},"end":{"line":185,"column":104}},"114":{"start":{"line":187,"column":12},"end":{"line":187,"column":61}},"115":{"start":{"line":190,"column":12},"end":{"line":190,"column":71}},"116":{"start":{"line":194,"column":8},"end":{"line":207,"column":9}},"117":{"start":{"line":195,"column":12},"end":{"line":197,"column":13}},"118":{"start":{"line":196,"column":16},"end":{"line":196,"column":87}},"119":{"start":{"line":198,"column":12},"end":{"line":200,"column":13}},"120":{"start":{"line":199,"column":16},"end":{"line":199,"column":93}},"121":{"start":{"line":201,"column":12},"end":{"line":201,"column":37}},"122":{"start":{"line":202,"column":12},"end":{"line":202,"column":42}},"123":{"start":{"line":203,"column":12},"end":{"line":203,"column":39}},"124":{"start":{"line":206,"column":12},"end":{"line":206,"column":71}},"125":{"start":{"line":210,"column":8},"end":{"line":223,"column":9}},"126":{"start":{"line":211,"column":24},"end":{"line":211,"column":77}},"127":{"start":{"line":212,"column":30},"end":{"line":212,"column":67}},"128":{"start":{"line":213,"column":31},"end":{"line":213,"column":52}},"129":{"start":{"line":214,"column":12},"end":{"line":214,"column":49}},"130":{"start":{"line":217,"column":12},"end":{"line":222,"column":13}},"131":{"start":{"line":218,"column":16},"end":{"line":218,"column":43}},"132":{"start":{"line":221,"column":16},"end":{"line":221,"column":75}},"133":{"start":{"line":226,"column":8},"end":{"line":231,"column":9}},"134":{"start":{"line":227,"column":12},"end":{"line":227,"column":71}},"135":{"start":{"line":230,"column":12},"end":{"line":230,"column":71}},"136":{"start":{"line":234,"column":0},"end":{"line":234,"column":32}}},"fnMap":{"0":{"name":"(anonymous_0)","decl":{"start":{"line":2,"column":74},"end":{"line":2,"column":75}},"loc":{"start":{"line":2,"column":96},"end":{"line":9,"column":1}},"line":2},"1":{"name":"(anonymous_1)","decl":{"start":{"line":6,"column":38},"end":{"line":6,"column":39}},"loc":{"start":{"line":6,"column":49},"end":{"line":6,"column":65}},"line":6},"2":{"name":"(anonymous_2)","decl":{"start":{"line":9,"column":6},"end":{"line":9,"column":7}},"loc":{"start":{"line":9,"column":28},"end":{"line":12,"column":1}},"line":9},"3":{"name":"(anonymous_3)","decl":{"start":{"line":13,"column":80},"end":{"line":13,"column":81}},"loc":{"start":{"line":13,"column":95},"end":{"line":15,"column":1}},"line":13},"4":{"name":"(anonymous_4)","decl":{"start":{"line":15,"column":5},"end":{"line":15,"column":6}},"loc":{"start":{"line":15,"column":20},"end":{"line":17,"column":1}},"line":15},"5":{"name":"(anonymous_5)","decl":{"start":{"line":18,"column":50},"end":{"line":18,"column":51}},"loc":{"start":{"line":18,"column":65},"end":{"line":24,"column":1}},"line":18},"6":{"name":"(anonymous_6)","decl":{"start":{"line":25,"column":56},"end":{"line":25,"column":57}},"loc":{"start":{"line":25,"column":71},"end":{"line":27,"column":1}},"line":25},"7":{"name":"(anonymous_7)","decl":{"start":{"line":39,"column":4},"end":{"line":39,"column":5}},"loc":{"start":{"line":39,"column":18},"end":{"line":63,"column":5}},"line":39},"8":{"name":"(anonymous_8)","decl":{"start":{"line":44,"column":47},"end":{"line":44,"column":48}},"loc":{"start":{"line":44,"column":55},"end":{"line":61,"column":13}},"line":44},"9":{"name":"(anonymous_9)","decl":{"start":{"line":47,"column":77},"end":{"line":47,"column":78}},"loc":{"start":{"line":47,"column":87},"end":{"line":49,"column":21}},"line":47},"10":{"name":"(anonymous_10)","decl":{"start":{"line":54,"column":66},"end":{"line":54,"column":67}},"loc":{"start":{"line":54,"column":76},"end":{"line":57,"column":21}},"line":54},"11":{"name":"(anonymous_11)","decl":{"start":{"line":64,"column":4},"end":{"line":64,"column":5}},"loc":{"start":{"line":64,"column":19},"end":{"line":69,"column":5}},"line":64},"12":{"name":"(anonymous_12)","decl":{"start":{"line":70,"column":4},"end":{"line":70,"column":5}},"loc":{"start":{"line":70,"column":26},"end":{"line":72,"column":5}},"line":70},"13":{"name":"(anonymous_13)","decl":{"start":{"line":73,"column":4},"end":{"line":73,"column":5}},"loc":{"start":{"line":73,"column":54},"end":{"line":111,"column":5}},"line":73},"14":{"name":"(anonymous_14)","decl":{"start":{"line":112,"column":4},"end":{"line":112,"column":5}},"loc":{"start":{"line":112,"column":40},"end":{"line":127,"column":5}},"line":112},"15":{"name":"(anonymous_15)","decl":{"start":{"line":128,"column":4},"end":{"line":128,"column":5}},"loc":{"start":{"line":128,"column":39},"end":{"line":157,"column":5}},"line":128},"16":{"name":"(anonymous_16)","decl":{"start":{"line":158,"column":4},"end":{"line":158,"column":5}},"loc":{"start":{"line":158,"column":42},"end":{"line":192,"column":5}},"line":158},"17":{"name":"(anonymous_17)","decl":{"start":{"line":170,"column":38},"end":{"line":170,"column":39}},"loc":{"start":{"line":170,"column":68},"end":{"line":176,"column":17}},"line":170},"18":{"name":"(anonymous_18)","decl":{"start":{"line":171,"column":60},"end":{"line":171,"column":61}},"loc":{"start":{"line":171,"column":76},"end":{"line":175,"column":21}},"line":171},"19":{"name":"(anonymous_19)","decl":{"start":{"line":193,"column":4},"end":{"line":193,"column":5}},"loc":{"start":{"line":193,"column":28},"end":{"line":208,"column":5}},"line":193},"20":{"name":"(anonymous_20)","decl":{"start":{"line":209,"column":4},"end":{"line":209,"column":5}},"loc":{"start":{"line":209,"column":30},"end":{"line":224,"column":5}},"line":209},"21":{"name":"(anonymous_21)","decl":{"start":{"line":225,"column":4},"end":{"line":225,"column":5}},"loc":{"start":{"line":225,"column":19},"end":{"line":232,"column":5}},"line":225}},"branchMap":{"0":{"loc":{"start":{"line":2,"column":22},"end":{"line":12,"column":3}},"type":"binary-expr","locations":[{"start":{"line":2,"column":23},"end":{"line":2,"column":27}},{"start":{"line":2,"column":31},"end":{"line":2,"column":51}},{"start":{"line":2,"column":57},"end":{"line":12,"column":2}}],"line":2},"1":{"loc":{"start":{"line":2,"column":57},"end":{"line":12,"column":2}},"type":"cond-expr","locations":[{"start":{"line":2,"column":74},"end":{"line":9,"column":1}},{"start":{"line":9,"column":6},"end":{"line":12,"column":1}}],"line":2},"2":{"loc":{"start":{"line":3,"column":4},"end":{"line":3,"column":33}},"type":"if","locations":[{"start":{"line":3,"column":4},"end":{"line":3,"column":33}},{"start":{"line":3,"column":4},"end":{"line":3,"column":33}}],"line":3},"3":{"loc":{"start":{"line":5,"column":4},"end":{"line":7,"column":5}},"type":"if","locations":[{"start":{"line":5,"column":4},"end":{"line":7,"column":5}},{"start":{"line":5,"column":4},"end":{"line":7,"column":5}}],"line":5},"4":{"loc":{"start":{"line":5,"column":8},"end":{"line":5,"column":85}},"type":"binary-expr","locations":[{"start":{"line":5,"column":8},"end":{"line":5,"column":13}},{"start":{"line":5,"column":18},"end":{"line":5,"column":84}}],"line":5},"5":{"loc":{"start":{"line":5,"column":18},"end":{"line":5,"column":84}},"type":"cond-expr","locations":[{"start":{"line":5,"column":34},"end":{"line":5,"column":47}},{"start":{"line":5,"column":50},"end":{"line":5,"column":84}}],"line":5},"6":{"loc":{"start":{"line":5,"column":50},"end":{"line":5,"column":84}},"type":"binary-expr","locations":[{"start":{"line":5,"column":50},"end":{"line":5,"column":63}},{"start":{"line":5,"column":67},"end":{"line":5,"column":84}}],"line":5},"7":{"loc":{"start":{"line":10,"column":4},"end":{"line":10,"column":33}},"type":"if","locations":[{"start":{"line":10,"column":4},"end":{"line":10,"column":33}},{"start":{"line":10,"column":4},"end":{"line":10,"column":33}}],"line":10},"8":{"loc":{"start":{"line":13,"column":25},"end":{"line":17,"column":2}},"type":"binary-expr","locations":[{"start":{"line":13,"column":26},"end":{"line":13,"column":30}},{"start":{"line":13,"column":34},"end":{"line":13,"column":57}},{"start":{"line":13,"column":63},"end":{"line":17,"column":1}}],"line":13},"9":{"loc":{"start":{"line":13,"column":63},"end":{"line":17,"column":1}},"type":"cond-expr","locations":[{"start":{"line":13,"column":80},"end":{"line":15,"column":1}},{"start":{"line":15,"column":5},"end":{"line":17,"column":1}}],"line":13},"10":{"loc":{"start":{"line":18,"column":19},"end":{"line":24,"column":1}},"type":"binary-expr","locations":[{"start":{"line":18,"column":20},"end":{"line":18,"column":24}},{"start":{"line":18,"column":28},"end":{"line":18,"column":45}},{"start":{"line":18,"column":50},"end":{"line":24,"column":1}}],"line":18},"11":{"loc":{"start":{"line":19,"column":4},"end":{"line":19,"column":42}},"type":"if","locations":[{"start":{"line":19,"column":4},"end":{"line":19,"column":42}},{"start":{"line":19,"column":4},"end":{"line":19,"column":42}}],"line":19},"12":{"loc":{"start":{"line":19,"column":8},"end":{"line":19,"column":29}},"type":"binary-expr","locations":[{"start":{"line":19,"column":8},"end":{"line":19,"column":11}},{"start":{"line":19,"column":15},"end":{"line":19,"column":29}}],"line":19},"13":{"loc":{"start":{"line":21,"column":4},"end":{"line":21,"column":141}},"type":"if","locations":[{"start":{"line":21,"column":4},"end":{"line":21,"column":141}},{"start":{"line":21,"column":4},"end":{"line":21,"column":141}}],"line":21},"14":{"loc":{"start":{"line":21,"column":40},"end":{"line":21,"column":141}},"type":"if","locations":[{"start":{"line":21,"column":40},"end":{"line":21,"column":141}},{"start":{"line":21,"column":40},"end":{"line":21,"column":141}}],"line":21},"15":{"loc":{"start":{"line":21,"column":44},"end":{"line":21,"column":107}},"type":"binary-expr","locations":[{"start":{"line":21,"column":44},"end":{"line":21,"column":59}},{"start":{"line":21,"column":63},"end":{"line":21,"column":107}}],"line":21},"16":{"loc":{"start":{"line":25,"column":22},"end":{"line":27,"column":1}},"type":"binary-expr","locations":[{"start":{"line":25,"column":23},"end":{"line":25,"column":27}},{"start":{"line":25,"column":31},"end":{"line":25,"column":51}},{"start":{"line":25,"column":56},"end":{"line":27,"column":1}}],"line":25},"17":{"loc":{"start":{"line":26,"column":11},"end":{"line":26,"column":61}},"type":"cond-expr","locations":[{"start":{"line":26,"column":37},"end":{"line":26,"column":40}},{"start":{"line":26,"column":43},"end":{"line":26,"column":61}}],"line":26},"18":{"loc":{"start":{"line":26,"column":12},"end":{"line":26,"column":33}},"type":"binary-expr","locations":[{"start":{"line":26,"column":12},"end":{"line":26,"column":15}},{"start":{"line":26,"column":19},"end":{"line":26,"column":33}}],"line":26},"19":{"loc":{"start":{"line":43,"column":8},"end":{"line":62,"column":9}},"type":"if","locations":[{"start":{"line":43,"column":8},"end":{"line":62,"column":9}},{"start":{"line":43,"column":8},"end":{"line":62,"column":9}}],"line":43},"20":{"loc":{"start":{"line":46,"column":16},"end":{"line":59,"column":17}},"type":"if","locations":[{"start":{"line":46,"column":16},"end":{"line":59,"column":17}},{"start":{"line":46,"column":16},"end":{"line":59,"column":17}}],"line":46},"21":{"loc":{"start":{"line":65,"column":8},"end":{"line":67,"column":9}},"type":"if","locations":[{"start":{"line":65,"column":8},"end":{"line":67,"column":9}},{"start":{"line":65,"column":8},"end":{"line":67,"column":9}}],"line":65},"22":{"loc":{"start":{"line":76,"column":12},"end":{"line":78,"column":13}},"type":"if","locations":[{"start":{"line":76,"column":12},"end":{"line":78,"column":13}},{"start":{"line":76,"column":12},"end":{"line":78,"column":13}}],"line":76},"23":{"loc":{"start":{"line":79,"column":12},"end":{"line":105,"column":13}},"type":"if","locations":[{"start":{"line":79,"column":12},"end":{"line":105,"column":13}},{"start":{"line":79,"column":12},"end":{"line":105,"column":13}}],"line":79},"24":{"loc":{"start":{"line":79,"column":16},"end":{"line":88,"column":47}},"type":"binary-expr","locations":[{"start":{"line":79,"column":16},"end":{"line":79,"column":48}},{"start":{"line":80,"column":16},"end":{"line":80,"column":49}},{"start":{"line":81,"column":16},"end":{"line":81,"column":49}},{"start":{"line":82,"column":16},"end":{"line":82,"column":50}},{"start":{"line":83,"column":16},"end":{"line":83,"column":49}},{"start":{"line":84,"column":16},"end":{"line":84,"column":52}},{"start":{"line":85,"column":16},"end":{"line":85,"column":51}},{"start":{"line":86,"column":16},"end":{"line":86,"column":54}},{"start":{"line":87,"column":16},"end":{"line":87,"column":50}},{"start":{"line":88,"column":16},"end":{"line":88,"column":47}}],"line":79},"25":{"loc":{"start":{"line":101,"column":16},"end":{"line":103,"column":17}},"type":"if","locations":[{"start":{"line":101,"column":16},"end":{"line":103,"column":17}},{"start":{"line":101,"column":16},"end":{"line":103,"column":17}}],"line":101},"26":{"loc":{"start":{"line":107,"column":8},"end":{"line":109,"column":9}},"type":"if","locations":[{"start":{"line":107,"column":8},"end":{"line":109,"column":9}},{"start":{"line":107,"column":8},"end":{"line":109,"column":9}}],"line":107},"27":{"loc":{"start":{"line":107,"column":12},"end":{"line":107,"column":25}},"type":"binary-expr","locations":[{"start":{"line":107,"column":12},"end":{"line":107,"column":17}},{"start":{"line":107,"column":21},"end":{"line":107,"column":25}}],"line":107},"28":{"loc":{"start":{"line":114,"column":12},"end":{"line":122,"column":13}},"type":"if","locations":[{"start":{"line":114,"column":12},"end":{"line":122,"column":13}},{"start":{"line":114,"column":12},"end":{"line":122,"column":13}}],"line":114},"29":{"loc":{"start":{"line":117,"column":17},"end":{"line":122,"column":13}},"type":"if","locations":[{"start":{"line":117,"column":17},"end":{"line":122,"column":13}},{"start":{"line":117,"column":17},"end":{"line":122,"column":13}}],"line":117},"30":{"loc":{"start":{"line":130,"column":12},"end":{"line":132,"column":13}},"type":"if","locations":[{"start":{"line":130,"column":12},"end":{"line":132,"column":13}},{"start":{"line":130,"column":12},"end":{"line":132,"column":13}}],"line":130},"31":{"loc":{"start":{"line":130,"column":16},"end":{"line":130,"column":56}},"type":"binary-expr","locations":[{"start":{"line":130,"column":16},"end":{"line":130,"column":35}},{"start":{"line":130,"column":39},"end":{"line":130,"column":56}}],"line":130},"32":{"loc":{"start":{"line":138,"column":12},"end":{"line":151,"column":13}},"type":"if","locations":[{"start":{"line":138,"column":12},"end":{"line":151,"column":13}},{"start":{"line":138,"column":12},"end":{"line":151,"column":13}}],"line":138},"33":{"loc":{"start":{"line":143,"column":16},"end":{"line":145,"column":17}},"type":"if","locations":[{"start":{"line":143,"column":16},"end":{"line":145,"column":17}},{"start":{"line":143,"column":16},"end":{"line":145,"column":17}}],"line":143},"34":{"loc":{"start":{"line":160,"column":12},"end":{"line":162,"column":13}},"type":"if","locations":[{"start":{"line":160,"column":12},"end":{"line":162,"column":13}},{"start":{"line":160,"column":12},"end":{"line":162,"column":13}}],"line":160},"35":{"loc":{"start":{"line":160,"column":16},"end":{"line":160,"column":56}},"type":"binary-expr","locations":[{"start":{"line":160,"column":16},"end":{"line":160,"column":35}},{"start":{"line":160,"column":39},"end":{"line":160,"column":56}}],"line":160},"36":{"loc":{"start":{"line":168,"column":12},"end":{"line":186,"column":13}},"type":"if","locations":[{"start":{"line":168,"column":12},"end":{"line":186,"column":13}},{"start":{"line":168,"column":12},"end":{"line":186,"column":13}}],"line":168},"37":{"loc":{"start":{"line":178,"column":16},"end":{"line":180,"column":17}},"type":"if","locations":[{"start":{"line":178,"column":16},"end":{"line":180,"column":17}},{"start":{"line":178,"column":16},"end":{"line":180,"column":17}}],"line":178},"38":{"loc":{"start":{"line":195,"column":12},"end":{"line":197,"column":13}},"type":"if","locations":[{"start":{"line":195,"column":12},"end":{"line":197,"column":13}},{"start":{"line":195,"column":12},"end":{"line":197,"column":13}}],"line":195},"39":{"loc":{"start":{"line":198,"column":12},"end":{"line":200,"column":13}},"type":"if","locations":[{"start":{"line":198,"column":12},"end":{"line":200,"column":13}},{"start":{"line":198,"column":12},"end":{"line":200,"column":13}}],"line":198},"40":{"loc":{"start":{"line":217,"column":12},"end":{"line":222,"column":13}},"type":"if","locations":[{"start":{"line":217,"column":12},"end":{"line":222,"column":13}},{"start":{"line":217,"column":12},"end":{"line":222,"column":13}}],"line":217},"41":{"loc":{"start":{"line":217,"column":16},"end":{"line":217,"column":115}},"type":"binary-expr","locations":[{"start":{"line":217,"column":16},"end":{"line":217,"column":60}},{"start":{"line":217,"column":64},"end":{"line":217,"column":115}}],"line":217}},"s":{"0":1,"1":148,"2":148,"3":148,"4":148,"5":148,"6":444652,"7":148,"8":0,"9":0,"10":0,"11":1,"12":1,"13":0,"14":1,"15":2,"16":1,"17":1,"18":1,"19":1,"20":148,"21":148,"22":1,"23":1,"24":1,"25":3,"26":1,"27":1,"28":1,"29":1,"30":1,"31":1,"32":1,"33":1,"34":189,"35":189,"36":189,"37":189,"38":114,"39":216,"40":216,"41":105,"42":38220,"43":105,"44":111,"45":111,"46":384027,"47":384027,"48":111,"49":216,"50":53,"51":10,"52":43,"53":73011801,"54":419701,"55":419701,"56":7301181,"57":2782185,"58":7301181,"59":7301180,"60":7301180,"61":7301180,"62":7301180,"63":419701,"64":21542,"65":419701,"66":35,"67":35,"68":33,"69":2,"70":2,"71":0,"72":0,"73":2,"74":2,"75":0,"76":2,"77":2,"78":2,"79":2,"80":2,"81":2,"82":1,"83":1,"84":1,"85":1,"86":1,"87":0,"88":1,"89":1,"90":1,"91":1,"92":0,"93":33,"94":33,"95":12,"96":21,"97":21,"98":19,"99":19,"100":19,"101":19,"102":19,"103":19,"104":35676,"105":35676,"106":35674,"107":35674,"108":19,"109":17,"110":3,"111":14,"112":14,"113":0,"114":14,"115":4,"116":18,"117":18,"118":8,"119":10,"120":4,"121":6,"122":6,"123":6,"124":0,"125":105,"126":105,"127":81,"128":81,"129":79,"130":26,"131":23,"132":3,"133":5,"134":5,"135":0,"136":1},"f":{"0":148,"1":444652,"2":0,"3":1,"4":0,"5":2,"6":3,"7":189,"8":216,"9":38220,"10":384027,"11":53,"12":73011801,"13":419701,"14":35,"15":2,"16":33,"17":35676,"18":35676,"19":18,"20":105,"21":5},"b":{"0":[1,1,1],"1":[1,0],"2":[148,0],"3":[148,0],"4":[148,148],"5":[0,148],"6":[148,0],"7":[0,0],"8":[1,1,1],"9":[1,0],"10":[1,1,1],"11":[1,1],"12":[2,2],"13":[1,0],"14":[148,0],"15":[148,148],"16":[1,1,1],"17":[2,1],"18":[3,3],"19":[114,75],"20":[105,111],"21":[10,43],"22":[2782185,4518996],"23":[7301180,1],"24":[7301181,7301180,7301180,7301180,7301180,7301180,7301180,7301180,7301180,7301180],"25":[7301180,0],"26":[21542,398159],"27":[419701,405569],"28":[33,2],"29":[2,0],"30":[0,2],"31":[2,2],"32":[1,1],"33":[0,1],"34":[12,21],"35":[33,24],"36":[19,0],"37":[3,14],"38":[8,10],"39":[4,6],"40":[23,3],"41":[26,4]},"inputSourceMap":{"version":3,"file":"C:/Users/sammi/project_team188/src/controller/InsightFacade.ts","sources":["C:/Users/sammi/project_team188/src/controller/InsightFacade.ts"],"names":[],"mappings":";;;;;;;;;;;;;;;;;;;;;;;;;;;;AAAA,qDAQ0B;AAC1B,6CAA+B;AAC/B,kDAA0B;AAC1B,kEAA+C;AAC/C,gEAAwC;AACxC,+CAAiC;AACjC,yEAA+D;AAiB/D,MAAqB,aAAa;IAEzB,QAAQ,CAA8B;IACtC,IAAI,CAAoB;IAEhC;QACC,IAAI,CAAC,QAAQ,GAAG,IAAI,GAAG,EAA0B,CAAC;QAClD,IAAI,CAAC,IAAI,GAAG,IAAI,GAAG,EAAgB,CAAC;QACpC,IAAI,UAAU,GAAG,QAAQ,CAAC;QAC1B,IAAI,EAAE,CAAC,cAAc,CAAC,QAAQ,CAAC,EAAE;YAChC,EAAE,CAAC,WAAW,CAAC,UAAU,CAAC,CAAC,OAAO,CAAC,CAAC,EAAE,EAAE,EAAE;gBACzC,IAAI,GAAG,GAAU,EAAE,CAAC;gBACpB,IAAI,EAAE,CAAC,cAAc,CAAC,UAAU,GAAG,GAAG,GAAG,EAAE,GAAG,QAAQ,CAAC,EAAE;oBACxD,EAAE,CAAC,WAAW,CAAC,UAAU,GAAG,GAAG,GAAG,EAAE,GAAG,QAAQ,CAAC,CAAC,OAAO,CAAC,CAAC,IAAI,EAAE,EAAE;wBACjE,GAAG,CAAC,IAAI,CAAC,EAAE,CAAC,YAAY,CAAC,UAAU,GAAG,GAAG,GAAG,EAAE,GAAG,SAAS,GAAG,IAAI,CAAC,CAAC,CAAC;oBACrE,CAAC,CAAC,CAAC;oBACH,IAAI,CAAC,QAAQ,CAAC,GAAG,CAAC,EAAE,EAAE,EAAC,EAAE,EAAE,EAAE,EAAE,IAAI,EAAE,mCAAkB,CAAC,KAAK,EAAE,OAAO,EAAE,GAAG,CAAC,MAAM,EAAC,CAAC,CAAC;iBACrF;qBAAM;oBACN,IAAI,KAAK,GAAG,CAAC,CAAC;oBACd,EAAE,CAAC,WAAW,CAAC,UAAU,GAAG,GAAG,GAAG,EAAE,CAAC,CAAC,OAAO,CAAC,CAAC,IAAI,EAAE,EAAE;wBACtD,MAAM,QAAQ,GAAG,EAAE,CAAC,YAAY,CAAC,UAAU,GAAG,GAAG,GAAG,EAAE,GAAG,GAAG,GAAG,IAAI,CAAC,CAAC;wBACrE,KAAK,IAAI,IAAI,CAAC,aAAa,CAAC,QAAQ,EAAE,EAAE,EAAE,EAAE,EAAE,GAAG,EAAE,CAAC,CAAC,CAAC;oBACvD,CAAC,CAAC,CAAC;oBACH,IAAI,CAAC,QAAQ,CAAC,GAAG,CAAC,EAAE,EAAE,EAAC,EAAE,EAAE,EAAE,EAAE,IAAI,EAAE,mCAAkB,CAAC,QAAQ,EAAE,OAAO,EAAE,KAAK,EAAC,CAAC,CAAC;iBACnF;gBACD,IAAI,CAAC,IAAI,CAAC,GAAG,CAAC,EAAE,EAAE,GAAG,CAAC,CAAC;YACxB,CAAC,CAAC,CAAC;SACH;IACF,CAAC;IAEO,UAAU,CAAC,EAAU;QAC5B,IAAI,EAAE,CAAC,QAAQ,CAAC,GAAG,CAAC,EAAE;YACrB,OAAO,IAAI,CAAC;SACZ;QACD,OAAO,EAAE,CAAC,IAAI,EAAE,KAAK,EAAE,CAAC;IACzB,CAAC;IAGM,WAAW,CAAC,GAAW,EAAE,GAAW;QAC1C,OAAO,MAAM,CAAC,SAAS,CAAC,cAAc,CAAC,IAAI,CAAC,GAAG,EAAE,GAAG,CAAC,CAAC;IACvD,CAAC;IAEM,aAAa,CAAC,MAAW,EAAE,EAAU,EAAE,YAAoB,EAAE,GAAiB,EAAE,GAAW;QACjG,IAAI,KAAK,GAAG,CAAC,CAAC;QACd,KAAK,MAAM,OAAO,IAAI,MAAM,EAAE;YAC7B,IAAI,OAAO,CAAC,SAAS,CAAC,KAAK,SAAS,EAAE;gBACrC,OAAO,CAAC,MAAM,CAAC,GAAG,IAAI,CAAC;aACvB;YACD,IACC,IAAI,CAAC,WAAW,CAAC,OAAO,EAAE,KAAK,CAAC;gBAChC,IAAI,CAAC,WAAW,CAAC,OAAO,EAAE,MAAM,CAAC;gBACjC,IAAI,CAAC,WAAW,CAAC,OAAO,EAAE,MAAM,CAAC;gBACjC,IAAI,CAAC,WAAW,CAAC,OAAO,EAAE,OAAO,CAAC;gBAClC,IAAI,CAAC,WAAW,CAAC,OAAO,EAAE,MAAM,CAAC;gBACjC,IAAI,CAAC,WAAW,CAAC,OAAO,EAAE,SAAS,CAAC;gBACpC,IAAI,CAAC,WAAW,CAAC,OAAO,EAAE,QAAQ,CAAC;gBACnC,IAAI,CAAC,WAAW,CAAC,OAAO,EAAE,WAAW,CAAC;gBACtC,IAAI,CAAC,WAAW,CAAC,OAAO,EAAE,OAAO,CAAC;gBAClC,IAAI,CAAC,WAAW,CAAC,OAAO,EAAE,IAAI,CAAC,EAC9B;gBACD,MAAM,UAAU,GAAS;oBACxB,GAAG,EAAE,OAAO,CAAC,KAAK,CAAC;oBACnB,IAAI,EAAE,OAAO,CAAC,MAAM,CAAC;oBACrB,IAAI,EAAE,OAAO,CAAC,MAAM,CAAC;oBACrB,KAAK,EAAE,OAAO,CAAC,OAAO,CAAC;oBACvB,IAAI,EAAE,QAAQ,CAAC,OAAO,CAAC,MAAM,CAAC,EAAC,EAAE,CAAC;oBAClC,IAAI,EAAE,OAAO,CAAC,SAAS,CAAC;oBACxB,EAAE,EAAE,OAAO,CAAC,QAAQ,CAAC;oBACrB,UAAU,EAAE,OAAO,CAAC,WAAW,CAAC;oBAChC,KAAK,EAAE,OAAO,CAAC,OAAO,CAAC;oBACvB,IAAI,EAAE,OAAO,CAAC,IAAI,CAAC;iBACnB,CAAC;gBACF,IAAI,GAAG,EAAE;oBACR,GAAG,CAAC,IAAI,CAAC,UAAU,CAAC,CAAC;iBACrB;gBACD,KAAK,EAAE,CAAC;aACR;SACD;QACD,IAAI,KAAK,IAAI,CAAC,GAAG,EAAE;YAClB,EAAE,CAAC,cAAc,CAAC,SAAS,GAAG,EAAE,GAAG,GAAG,GAAG,YAAY,GAAG,OAAO,EAAE,MAAM,CAAC,CAAC;SACzE;QACD,OAAO,KAAK,CAAC;IACd,CAAC;IAEM,KAAK,CAAC,UAAU,CAAC,EAAU,EAAE,OAAe,EAAE,IAAwB;QAC5E,IAAI;YACH,IAAI,IAAI,KAAK,mCAAkB,CAAC,QAAQ,EAAE;gBACzC,OAAO,IAAI,CAAC,kBAAkB,CAAC,EAAE,EAAE,OAAO,CAAC,CAAC;aAC5C;iBAAM,IAAI,IAAI,KAAK,mCAAkB,CAAC,KAAK,EAAE;gBAC7C,OAAO,IAAI,CAAC,eAAe,CAAC,EAAE,EAAE,OAAO,CAAC,CAAC;aACzC;iBAAM;gBACN,OAAO,OAAO,CAAC,MAAM,CAAC,IAAI,6BAAY,CAAC,eAAe,CAAC,CAAC,CAAC;aACzD;SACD;QAAC,OAAO,GAAQ,EAAE;YAClB,OAAO,OAAO,CAAC,MAAM,CAAC,IAAI,6BAAY,EAAE,CAAC,CAAC;SAC1C;IACF,CAAC;IAEM,KAAK,CAAC,eAAe,CAAC,EAAU,EAAE,OAAe;QACvD,IAAI;YACH,IAAI,IAAI,CAAC,UAAU,CAAC,EAAE,CAAC,IAAI,IAAI,CAAC,IAAI,CAAC,GAAG,CAAC,EAAE,CAAC,EAAE;gBAC7C,OAAO,OAAO,CAAC,MAAM,CAAC,IAAI,6BAAY,EAAE,CAAC,CAAC;aAC1C;YACD,IAAI,GAAG,GAAG,IAAI,eAAK,EAAE,CAAC;YACtB,MAAM,GAAG,CAAC,SAAS,CAAC,OAAO,EAAE,EAAC,MAAM,EAAE,IAAI,EAAE,aAAa,EAAE,IAAI,EAAC,CAAC,CAAC;YAClE,MAAM,KAAK,GAAG,GAAG,CAAC,IAAI,CAAC,WAAW,CAAC,CAAC;YACpC,IAAI,QAAQ,GAAwB,EAAE,CAAC;YACvC,IAAI,GAAG,GAAU,EAAE,CAAC;YACpB,IAAI,KAAK,EAAE;gBACV,MAAM,YAAY,GAAG,MAAM,KAAK,CAAC,KAAK,CAAC,MAAM,CAAC,CAAC;gBAC/C,IAAI,QAAQ,GAAG,MAAM,CAAC,KAAK,CAAC,YAAY,CAAC,CAAC;gBAC1C,IAAA,8CAAmB,EAAC,QAAQ,EAAE,GAAG,EAAE,GAAG,EAAE,EAAE,EAAE,QAAQ,CAAC,CAAC;gBACtD,MAAM,OAAO,CAAC,UAAU,CAAC,QAAQ,CAAC,CAAC;gBACnC,IAAI,EAAE,CAAC,WAAW,CAAC,SAAS,GAAG,EAAE,GAAG,QAAQ,CAAC,CAAC,MAAM,KAAK,CAAC,EAAE;oBAC3D,OAAO,OAAO,CAAC,MAAM,CAAC,IAAI,6BAAY,CAAC,gBAAgB,CAAC,CAAC,CAAC;iBAC1D;gBACD,IAAI,CAAC,IAAI,CAAC,GAAG,CAAC,EAAE,EAAE,GAAG,CAAC,CAAC;gBACvB,IAAI,CAAC,QAAQ,CAAC,GAAG,CAAC,EAAE,EAAE,EAAC,EAAE,EAAE,EAAE,EAAE,IAAI,EAAE,mCAAkB,CAAC,KAAK,EAAE,OAAO,EACpE,CAAC,EAAE,CAAC,WAAW,CAAC,SAAS,GAAG,EAAE,GAAG,QAAQ,CAAC,CAAC,MAAM,CAAC,EAAC,CAAC,CAAC;aACvD;iBAAM;gBACN,OAAO,OAAO,CAAC,MAAM,CAAC,IAAI,6BAAY,CAAC,kBAAkB,CAAC,CAAC,CAAC;aAC5D;YACD,OAAO,OAAO,CAAC,OAAO,CAAC,EAAE,CAAC,WAAW,CAAC,QAAQ,CAAC,CAAC,CAAC;SACjD;QAAC,OAAO,KAAU,EAAE;YACpB,OAAO,OAAO,CAAC,MAAM,CAAC,IAAI,6BAAY,EAAE,CAAC,CAAC;SAC1C;IACF,CAAC;IAEM,KAAK,CAAC,kBAAkB,CAAC,EAAU,EAAE,OAAe;QAC1D,IAAI;YACH,IAAI,IAAI,CAAC,UAAU,CAAC,EAAE,CAAC,IAAI,IAAI,CAAC,IAAI,CAAC,GAAG,CAAC,EAAE,CAAC,EAAE;gBAC7C,OAAO,OAAO,CAAC,MAAM,CAAC,IAAI,6BAAY,EAAE,CAAC,CAAC;aAC1C;YACD,IAAI,GAAG,GAAG,IAAI,eAAK,EAAE,CAAC;YACtB,MAAM,GAAG,CAAC,SAAS,CAAC,OAAO,EAAE,EAAC,MAAM,EAAE,IAAI,EAAE,aAAa,EAAE,IAAI,EAAC,CAAC,CAAC;YAClE,MAAM,aAAa,GAAG,GAAG,CAAC,MAAM,CAAC,SAAS,CAAC,CAAC;YAC5C,IAAI,QAAQ,GAAwB,EAAE,CAAC;YACvC,IAAI,GAAG,GAAU,EAAE,CAAC;YACpB,IAAI,aAAa,EAAE;gBAClB,IAAI,UAAU,GAAG,CAAC,CAAC;gBACnB,aAAa,CAAC,OAAO,CAAC,KAAK,EAAE,YAAY,EAAE,IAAI,EAAE,EAAE;oBAClD,QAAQ,CAAC,IAAI,CACZ,IAAI,CAAC,KAAK,CAAC,QAAQ,CAAC,CAAC,IAAI,CAAC,KAAK,EAAE,IAAI,EAAE,EAAE;wBACxC,IAAI,IAAI,GAAG,IAAI,CAAC,KAAK,CAAC,IAAI,CAAC,CAAC;wBAC5B,MAAM,QAAQ,GAAG,IAAI,CAAC,MAAM,CAAC;wBAC7B,UAAU,IAAI,IAAI,CAAC,aAAa,CAAC,QAAQ,EAAE,EAAE,EAAE,YAAY,EAAE,GAAG,EAAE,CAAC,CAAC,CAAC;oBACtE,CAAC,CAAC,CACF,CAAC;gBACH,CAAC,CAAC,CAAC;gBACH,MAAM,OAAO,CAAC,GAAG,CAAC,QAAQ,CAAC,CAAC;gBAC5B,IAAI,UAAU,KAAK,CAAC,EAAE;oBACrB,OAAO,OAAO,CAAC,MAAM,CAAC,IAAI,6BAAY,CAAC,UAAU,CAAC,CAAC,CAAC;iBACpD;gBACD,IAAI,CAAC,IAAI,CAAC,GAAG,CAAC,EAAE,EAAE,GAAG,CAAC,CAAC;gBACvB,IAAI,CAAC,QAAQ,CAAC,GAAG,CAAC,EAAE,EAAE,EAAC,EAAE,EAAE,EAAE,EAAE,IAAI,EAAE,mCAAkB,CAAC,QAAQ,EAAE,OAAO,EAAE,UAAU,EAAC,CAAC,CAAC;aACxF;iBAAM;gBACN,OAAO,OAAO,CAAC,MAAM,CAAC,IAAI,6BAAY,CAAC,6BAA6B,CAAC,CAAC,CAAC;aACvE;YAED,OAAO,OAAO,CAAC,OAAO,CAAC,EAAE,CAAC,WAAW,CAAC,QAAQ,CAAC,CAAC,CAAC;SACjD;QAAC,OAAO,KAAU,EAAE;YACpB,OAAO,OAAO,CAAC,MAAM,CAAC,IAAI,6BAAY,EAAE,CAAC,CAAC;SAC1C;IACF,CAAC;IAEM,KAAK,CAAC,aAAa,CAAC,EAAU;QACpC,IAAI;YACH,IAAI,IAAI,CAAC,UAAU,CAAC,EAAE,CAAC,EAAE;gBACxB,OAAO,OAAO,CAAC,MAAM,CAAC,IAAI,6BAAY,CAAC,YAAY,CAAC,CAAC,CAAC;aACtD;YACD,IAAI,CAAC,IAAI,CAAC,IAAI,CAAC,MAAM,CAAC,EAAE,CAAC,EAAE;gBAC1B,OAAO,OAAO,CAAC,MAAM,CAAC,IAAI,8BAAa,CAAC,iBAAiB,CAAC,CAAC,CAAC;aAC5D;YACD,IAAI,CAAC,QAAQ,CAAC,MAAM,CAAC,EAAE,CAAC,CAAC;YACzB,EAAE,CAAC,UAAU,CAAC,SAAS,GAAG,EAAE,CAAC,CAAC;YAC9B,OAAO,OAAO,CAAC,OAAO,CAAC,EAAE,CAAC,CAAC;SAC3B;QAAC,OAAO,GAAQ,EAAE;YAClB,OAAO,OAAO,CAAC,MAAM,CAAC,IAAI,6BAAY,EAAE,CAAC,CAAC;SAC1C;IACF,CAAC;IAEM,KAAK,CAAC,YAAY,CAAC,KAAc;QACvC,IAAI;YACH,IAAI,KAAK,GAAG,IAAI,gBAAW,CAAC,KAAK,EAAE,EAAE,CAAC,WAAW,CAAC,QAAQ,CAAC,CAAC,CAAC;YAC7D,IAAI,WAAW,GAAG,IAAI,eAAK,CAAC,KAAK,EAAE,IAAI,CAAC,IAAI,CAAC,CAAC;YAE9C,IAAI,YAAY,GAAoB,WAAW,CAAC,OAAO,EAAE,CAAC;YAI1D,OAAO,OAAO,CAAC,OAAO,CAAC,YAAY,CAAC,CAAC;SACrC;QAAC,OAAO,GAAQ,EAAE;YAClB,IAAI,GAAG,YAAY,6BAAY,IAAI,GAAG,YAAY,oCAAmB,EAAE;gBACtE,OAAO,OAAO,CAAC,MAAM,CAAC,GAAG,CAAC,CAAC;aAC3B;iBAAM;gBACN,OAAO,OAAO,CAAC,MAAM,CAAC,IAAI,6BAAY,EAAE,CAAC,CAAC;aAC1C;SACD;IACF,CAAC;IAEM,YAAY;QAClB,IAAI;YACH,OAAO,OAAO,CAAC,OAAO,CAAC,KAAK,CAAC,IAAI,CAAC,IAAI,CAAC,QAAQ,CAAC,MAAM,EAAE,CAAC,CAAC,CAAC;SAC3D;QAAC,OAAO,GAAQ,EAAE;YAClB,OAAO,OAAO,CAAC,MAAM,CAAC,IAAI,6BAAY,EAAE,CAAC,CAAC;SAC1C;IACF,CAAC;CACD;AA/MD,gCA+MC","sourcesContent":["import {\r\n\tIInsightFacade,\r\n\tInsightDataset,\r\n\tInsightDatasetKind,\r\n\tInsightError,\r\n\tInsightResult,\r\n\tNotFoundError,\r\n\tResultTooLargeError,\r\n} from \"./IInsightFacade\";\r\nimport * as fs from \"fs-extra\";\r\nimport JSZip from \"jszip\";\r\nimport QueryParser from \"./QueryEngine/Parser\";\r\nimport Query from \"./QueryEngine/Query\";\r\nimport * as parse5 from \"parse5\";\r\nimport {findTableAndProcess} from \"./InsightFacadeAddBuilding\";\r\n/**\r\n * This is the main programmatic entry point for the project.\r\n * Method documentation is in IInsightFacade\r\n */\r\ninterface Sect {\r\n\tavg: number;\r\n\tpass: number;\r\n\tfail: number;\r\n\taudit: number;\r\n\tyear: number;\r\n\tdept: string;\r\n\tid: string;\r\n\tinstructor: string;\r\n\ttitle: string;\r\n\tuuid: string;\r\n}\r\nexport default class InsightFacade implements IInsightFacade {\r\n\r\n\tprivate datasets: Map<string, InsightDataset>;\r\n\tprivate data: Map<string,any[]>;\r\n\r\n\tconstructor() {\r\n\t\tthis.datasets = new Map<string, InsightDataset>();\r\n\t\tthis.data = new Map<string,any[]>();\r\n\t\tlet folderPath = \"./data\";\r\n\t\tif (fs.pathExistsSync(\"./data\")) {\r\n\t\t\tfs.readdirSync(folderPath).forEach((id) => {\r\n\t\t\t\tlet arr: any[] = [];\r\n\t\t\t\tif (fs.pathExistsSync(folderPath + \"/\" + id + \"/rooms\")) {\r\n\t\t\t\t\tfs.readdirSync(folderPath + \"/\" + id + \"/rooms\").forEach((file) => {\r\n\t\t\t\t\t\tarr.push(fs.readJSONSync(folderPath + \"/\" + id + \"/rooms/\" + file));\r\n\t\t\t\t\t});\r\n\t\t\t\t\tthis.datasets.set(id, {id: id, kind: InsightDatasetKind.Rooms, numRows: arr.length});\r\n\t\t\t\t} else {\r\n\t\t\t\t\tlet count = 0;\r\n\t\t\t\t\tfs.readdirSync(folderPath + \"/\" + id).forEach((file) => {\r\n\t\t\t\t\t\tconst sections = fs.readJSONSync(folderPath + \"/\" + id + \"/\" + file);\r\n\t\t\t\t\t\tcount += this.isValidCourse(sections, id, id, arr, 1);\r\n\t\t\t\t\t});\r\n\t\t\t\t\tthis.datasets.set(id, {id: id, kind: InsightDatasetKind.Sections, numRows: count});\r\n\t\t\t\t}\r\n\t\t\t\tthis.data.set(id, arr);\r\n\t\t\t});\r\n\t\t}\r\n\t}\r\n\r\n\tprivate validateID(id: string): boolean {\r\n\t\tif (id.includes(\"_\")) {\r\n\t\t\treturn true;\r\n\t\t}\r\n\t\treturn id.trim() === \"\";\r\n\t}\r\n\r\n\t// Used ChatGPT to generate this function\r\n\tpublic containsKey(obj: object, key: string): boolean {\r\n\t\treturn Object.prototype.hasOwnProperty.call(obj, key);\r\n\t}\r\n\r\n\tpublic isValidCourse(course: any, id: string, relativePath: string, arr: any[] | null, ver: number): number {\r\n\t\tlet count = 0;\r\n\t\tfor (const section of course) {\r\n\t\t\tif (section[\"Section\"] === \"overall\") {\r\n\t\t\t\tsection[\"Year\"] = 1900;\r\n\t\t\t}\r\n\t\t\tif (\r\n\t\t\t\tthis.containsKey(section, \"Avg\") &&\r\n\t\t\t\tthis.containsKey(section, \"Pass\") &&\r\n\t\t\t\tthis.containsKey(section, \"Fail\") &&\r\n\t\t\t\tthis.containsKey(section, \"Audit\") &&\r\n\t\t\t\tthis.containsKey(section, \"Year\") &&\r\n\t\t\t\tthis.containsKey(section, \"Subject\") &&\r\n\t\t\t\tthis.containsKey(section, \"Course\") &&\r\n\t\t\t\tthis.containsKey(section, \"Professor\") &&\r\n\t\t\t\tthis.containsKey(section, \"Title\") &&\r\n\t\t\t\tthis.containsKey(section, \"id\")\r\n\t\t\t) {\r\n\t\t\t\tconst jsonObject: Sect = {\r\n\t\t\t\t\tavg: section[\"Avg\"],\r\n\t\t\t\t\tpass: section[\"Pass\"],\r\n\t\t\t\t\tfail: section[\"Fail\"],\r\n\t\t\t\t\taudit: section[\"Audit\"],\r\n\t\t\t\t\tyear: parseInt(section[\"Year\"],10),\r\n\t\t\t\t\tdept: section[\"Subject\"],\r\n\t\t\t\t\tid: section[\"Course\"],\r\n\t\t\t\t\tinstructor: section[\"Professor\"],\r\n\t\t\t\t\ttitle: section[\"Title\"],\r\n\t\t\t\t\tuuid: section[\"id\"],\r\n\t\t\t\t};\r\n\t\t\t\tif (arr) {\r\n\t\t\t\t\tarr.push(jsonObject);\r\n\t\t\t\t}\r\n\t\t\t\tcount++;\r\n\t\t\t}\r\n\t\t}\r\n\t\tif (count && !ver) {\r\n\t\t\tfs.outputJSONSync(\"./data/\" + id + \"/\" + relativePath + \".json\", course);\r\n\t\t}\r\n\t\treturn count;\r\n\t}\r\n\r\n\tpublic async addDataset(id: string, content: string, kind: InsightDatasetKind): Promise<string[]> {\r\n\t\ttry {\r\n\t\t\tif (kind === InsightDatasetKind.Sections) {\r\n\t\t\t\treturn this.addSectionsDataset(id, content);\r\n\t\t\t} else if (kind === InsightDatasetKind.Rooms) {\r\n\t\t\t\treturn this.addRoomsDataset(id, content);\r\n\t\t\t} else {\r\n\t\t\t\treturn Promise.reject(new InsightError(\"Invalid kind.\"));\r\n\t\t\t}\r\n\t\t} catch (err: any) {\r\n\t\t\treturn Promise.reject(new InsightError());\r\n\t\t}\r\n\t}\r\n\r\n\tpublic async addRoomsDataset(id: string, content: string): Promise<string[]> {\r\n\t\ttry {\r\n\t\t\tif (this.validateID(id) || this.data.has(id)) {\r\n\t\t\t\treturn Promise.reject(new InsightError());\r\n\t\t\t}\r\n\t\t\tlet zip = new JSZip();\r\n\t\t\tawait zip.loadAsync(content, {base64: true, createFolders: true});\r\n\t\t\tconst index = zip.file(\"index.htm\");\r\n\t\t\tlet promises: Array<Promise<any>> = [];\r\n\t\t\tlet arr: any[] = [];\r\n\t\t\tif (index) {\r\n\t\t\t\tconst indexContent = await index.async(\"text\");\r\n\t\t\t\tlet document = parse5.parse(indexContent);\r\n\t\t\t\tfindTableAndProcess(document, arr, zip, id, promises);\r\n\t\t\t\tawait Promise.allSettled(promises);\r\n\t\t\t\tif (fs.readdirSync(\"./data/\" + id + \"/rooms\").length === 0) {\r\n\t\t\t\t\treturn Promise.reject(new InsightError(\"No Valid Rooms\"));\r\n\t\t\t\t}\r\n\t\t\t\tthis.data.set(id, arr);\r\n\t\t\t\tthis.datasets.set(id, {id: id, kind: InsightDatasetKind.Rooms, numRows:\r\n\t\t\t\t\t\t(fs.readdirSync(\"./data/\" + id + \"/rooms\").length)});\r\n\t\t\t} else {\r\n\t\t\t\treturn Promise.reject(new InsightError(\"Non index folder\"));\r\n\t\t\t}\r\n\t\t\treturn Promise.resolve(fs.readdirSync(\"./data\"));\r\n\t\t} catch (error: any) {\r\n\t\t\treturn Promise.reject(new InsightError());\r\n\t\t}\r\n\t}\r\n\r\n\tpublic async addSectionsDataset(id: string, content: string): Promise<string[]> {\r\n\t\ttry {\r\n\t\t\tif (this.validateID(id) || this.data.has(id)) {\r\n\t\t\t\treturn Promise.reject(new InsightError());\r\n\t\t\t}\r\n\t\t\tlet zip = new JSZip();\r\n\t\t\tawait zip.loadAsync(content, {base64: true, createFolders: true});\r\n\t\t\tconst coursesFolder = zip.folder(\"courses\");\r\n\t\t\tlet promises: Array<Promise<any>> = [];\r\n\t\t\tlet arr: any[] = [];\r\n\t\t\tif (coursesFolder) {\r\n\t\t\t\tlet totalCount = 0;\r\n\t\t\t\tcoursesFolder.forEach(async (relativePath, file) => {\r\n\t\t\t\t\tpromises.push(\r\n\t\t\t\t\t\tfile.async(\"string\").then(async (data) => {\r\n\t\t\t\t\t\t\tlet json = JSON.parse(data);\r\n\t\t\t\t\t\t\tconst sections = json.result;\r\n\t\t\t\t\t\t\ttotalCount += this.isValidCourse(sections, id, relativePath, arr, 0);\r\n\t\t\t\t\t\t})\r\n\t\t\t\t\t);\r\n\t\t\t\t});\r\n\t\t\t\tawait Promise.all(promises);\r\n\t\t\t\tif (totalCount === 0) {\r\n\t\t\t\t\treturn Promise.reject(new InsightError(\"No data.\"));\r\n\t\t\t\t}\r\n\t\t\t\tthis.data.set(id, arr);\r\n\t\t\t\tthis.datasets.set(id, {id: id, kind: InsightDatasetKind.Sections, numRows: totalCount});\r\n\t\t\t} else {\r\n\t\t\t\treturn Promise.reject(new InsightError(\"Non Existent Courses folder\"));\r\n\t\t\t}\r\n\r\n\t\t\treturn Promise.resolve(fs.readdirSync(\"./data\"));\r\n\t\t} catch (error: any) {\r\n\t\t\treturn Promise.reject(new InsightError());\r\n\t\t}\r\n\t}\r\n\r\n\tpublic async removeDataset(id: string): Promise<string> {\r\n\t\ttry {\r\n\t\t\tif (this.validateID(id)) {\r\n\t\t\t\treturn Promise.reject(new InsightError(\"Invalid ID\"));\r\n\t\t\t}\r\n\t\t\tif (!this.data.delete(id)) {\r\n\t\t\t\treturn Promise.reject(new NotFoundError(\"Not found error\"));\r\n\t\t\t}\r\n\t\t\tthis.datasets.delete(id);\r\n\t\t\tfs.removeSync(\"./data/\" + id);\r\n\t\t\treturn Promise.resolve(id);\r\n\t\t} catch (err: any) {\r\n\t\t\treturn Promise.reject(new InsightError());\r\n\t\t}\r\n\t}\r\n\r\n\tpublic async performQuery(query: unknown): Promise<InsightResult[]> {\r\n\t\ttry {\r\n\t\t\tlet parse = new QueryParser(query, fs.readdirSync(\"./data\"));\r\n\t\t\tlet queryEngine = new Query(parse, this.data);\r\n\r\n\t\t\tlet queryResults: InsightResult[] = queryEngine.results();\r\n\t\t\t// for (const r of queryResults) {\r\n\t\t\t// \tconsole.log(r);\r\n\t\t\t// }\r\n\t\t\treturn Promise.resolve(queryResults);\r\n\t\t} catch (err: any) {\r\n\t\t\tif (err instanceof InsightError || err instanceof ResultTooLargeError) {\r\n\t\t\t\treturn Promise.reject(err);\r\n\t\t\t} else {\r\n\t\t\t\treturn Promise.reject(new InsightError());\r\n\t\t\t}\r\n\t\t}\r\n\t}\r\n\r\n\tpublic listDatasets(): Promise<InsightDataset[]> {\r\n\t\ttry {\r\n\t\t\treturn Promise.resolve(Array.from(this.datasets.values()));\r\n\t\t} catch (err: any) {\r\n\t\t\treturn Promise.reject(new InsightError());\r\n\t\t}\r\n\t}\r\n}\r\n"]},"_coverageSchema":"1a1c01bbd47fc00a2c39e90264f33305004495a9","hash":"0e673bce9fae77650e7da7a4ca7f4f0d086c425a","contentHash":"c34bffabb9df43c3fa9b4579736bccf16a956c20752eff5d7243f522e0764dd6"},"C:\\Users\\sammi\\project_team188\\src\\controller\\QueryEngine\\Parser.ts":{"path":"C:\\Users\\sammi\\project_team188\\src\\controller\\QueryEngine\\Parser.ts","statementMap":{"0":{"start":{"line":2,"column":22},"end":{"line":4,"column":1}},"1":{"start":{"line":3,"column":4},"end":{"line":3,"column":62}},"2":{"start":{"line":5,"column":0},"end":{"line":5,"column":62}},"3":{"start":{"line":6,"column":25},"end":{"line":6,"column":53}},"4":{"start":{"line":7,"column":20},"end":{"line":7,"column":59}},"5":{"start":{"line":19,"column":18},"end":{"line":19,"column":62}},"6":{"start":{"line":22,"column":8},"end":{"line":22,"column":31}},"7":{"start":{"line":23,"column":8},"end":{"line":23,"column":26}},"8":{"start":{"line":24,"column":8},"end":{"line":24,"column":26}},"9":{"start":{"line":25,"column":8},"end":{"line":25,"column":24}},"10":{"start":{"line":26,"column":8},"end":{"line":26,"column":22}},"11":{"start":{"line":27,"column":8},"end":{"line":27,"column":23}},"12":{"start":{"line":28,"column":8},"end":{"line":28,"column":24}},"13":{"start":{"line":29,"column":8},"end":{"line":29,"column":24}},"14":{"start":{"line":30,"column":8},"end":{"line":30,"column":54}},"15":{"start":{"line":31,"column":8},"end":{"line":31,"column":27}},"16":{"start":{"line":32,"column":8},"end":{"line":32,"column":56}},"17":{"start":{"line":33,"column":8},"end":{"line":35,"column":9}},"18":{"start":{"line":34,"column":12},"end":{"line":34,"column":80}},"19":{"start":{"line":36,"column":8},"end":{"line":38,"column":9}},"20":{"start":{"line":37,"column":12},"end":{"line":37,"column":55}},"21":{"start":{"line":39,"column":25},"end":{"line":39,"column":57}},"22":{"start":{"line":40,"column":8},"end":{"line":40,"column":53}},"23":{"start":{"line":41,"column":8},"end":{"line":41,"column":26}},"24":{"start":{"line":42,"column":8},"end":{"line":44,"column":9}},"25":{"start":{"line":43,"column":12},"end":{"line":43,"column":55}},"26":{"start":{"line":47,"column":8},"end":{"line":47,"column":26}},"27":{"start":{"line":50,"column":8},"end":{"line":82,"column":9}},"28":{"start":{"line":51,"column":27},"end":{"line":51,"column":32}},"29":{"start":{"line":52,"column":27},"end":{"line":52,"column":32}},"30":{"start":{"line":53,"column":12},"end":{"line":57,"column":13}},"31":{"start":{"line":54,"column":16},"end":{"line":54,"column":70}},"32":{"start":{"line":55,"column":16},"end":{"line":55,"column":57}},"33":{"start":{"line":56,"column":16},"end":{"line":56,"column":32}},"34":{"start":{"line":58,"column":12},"end":{"line":72,"column":13}},"35":{"start":{"line":59,"column":16},"end":{"line":59,"column":76}},"36":{"start":{"line":60,"column":16},"end":{"line":60,"column":57}},"37":{"start":{"line":61,"column":16},"end":{"line":70,"column":17}},"38":{"start":{"line":62,"column":20},"end":{"line":69,"column":21}},"39":{"start":{"line":63,"column":24},"end":{"line":68,"column":25}},"40":{"start":{"line":64,"column":38},"end":{"line":64,"column":81}},"41":{"start":{"line":65,"column":28},"end":{"line":67,"column":29}},"42":{"start":{"line":66,"column":32},"end":{"line":66,"column":55}},"43":{"start":{"line":71,"column":16},"end":{"line":71,"column":32}},"44":{"start":{"line":73,"column":12},"end":{"line":78,"column":13}},"45":{"start":{"line":74,"column":16},"end":{"line":74,"column":72}},"46":{"start":{"line":76,"column":17},"end":{"line":78,"column":13}},"47":{"start":{"line":77,"column":16},"end":{"line":77,"column":34}},"48":{"start":{"line":81,"column":12},"end":{"line":81,"column":57}},"49":{"start":{"line":85,"column":8},"end":{"line":131,"column":9}},"50":{"start":{"line":86,"column":22},"end":{"line":86,"column":24}},"51":{"start":{"line":87,"column":12},"end":{"line":126,"column":15}},"52":{"start":{"line":88,"column":16},"end":{"line":125,"column":17}},"53":{"start":{"line":89,"column":20},"end":{"line":124,"column":21}},"54":{"start":{"line":94,"column":44},"end":{"line":94,"column":46}},"55":{"start":{"line":95,"column":28},"end":{"line":101,"column":29}},"56":{"start":{"line":96,"column":32},"end":{"line":96,"column":60}},"57":{"start":{"line":97,"column":32},"end":{"line":97,"column":72}},"58":{"start":{"line":98,"column":32},"end":{"line":100,"column":33}},"59":{"start":{"line":99,"column":36},"end":{"line":99,"column":60}},"60":{"start":{"line":102,"column":28},"end":{"line":104,"column":29}},"61":{"start":{"line":103,"column":32},"end":{"line":103,"column":64}},"62":{"start":{"line":105,"column":28},"end":{"line":105,"column":74}},"63":{"start":{"line":106,"column":28},"end":{"line":106,"column":44}},"64":{"start":{"line":107,"column":28},"end":{"line":107,"column":47}},"65":{"start":{"line":108,"column":28},"end":{"line":108,"column":34}},"66":{"start":{"line":112,"column":45},"end":{"line":112,"column":47}},"67":{"start":{"line":113,"column":28},"end":{"line":113,"column":108}},"68":{"start":{"line":114,"column":28},"end":{"line":114,"column":108}},"69":{"start":{"line":115,"column":28},"end":{"line":115,"column":44}},"70":{"start":{"line":116,"column":28},"end":{"line":116,"column":48}},"71":{"start":{"line":117,"column":28},"end":{"line":117,"column":34}},"72":{"start":{"line":120,"column":28},"end":{"line":120,"column":44}},"73":{"start":{"line":121,"column":28},"end":{"line":121,"column":98}},"74":{"start":{"line":122,"column":28},"end":{"line":122,"column":34}},"75":{"start":{"line":127,"column":12},"end":{"line":127,"column":23}},"76":{"start":{"line":130,"column":12},"end":{"line":130,"column":57}},"77":{"start":{"line":134,"column":8},"end":{"line":183,"column":9}},"78":{"start":{"line":135,"column":32},"end":{"line":135,"column":51}},"79":{"start":{"line":136,"column":12},"end":{"line":145,"column":13}},"80":{"start":{"line":137,"column":16},"end":{"line":137,"column":76}},"81":{"start":{"line":138,"column":16},"end":{"line":140,"column":17}},"82":{"start":{"line":139,"column":20},"end":{"line":139,"column":55}},"83":{"start":{"line":141,"column":16},"end":{"line":141,"column":74}},"84":{"start":{"line":144,"column":16},"end":{"line":144,"column":66}},"85":{"start":{"line":146,"column":12},"end":{"line":179,"column":13}},"86":{"start":{"line":147,"column":27},"end":{"line":147,"column":47}},"87":{"start":{"line":148,"column":29},"end":{"line":148,"column":34}},"88":{"start":{"line":149,"column":30},"end":{"line":149,"column":35}},"89":{"start":{"line":150,"column":16},"end":{"line":156,"column":17}},"90":{"start":{"line":151,"column":20},"end":{"line":151,"column":43}},"91":{"start":{"line":152,"column":20},"end":{"line":154,"column":21}},"92":{"start":{"line":153,"column":24},"end":{"line":153,"column":64}},"93":{"start":{"line":155,"column":20},"end":{"line":155,"column":34}},"94":{"start":{"line":157,"column":16},"end":{"line":166,"column":17}},"95":{"start":{"line":158,"column":20},"end":{"line":158,"column":45}},"96":{"start":{"line":159,"column":20},"end":{"line":159,"column":63}},"97":{"start":{"line":160,"column":20},"end":{"line":164,"column":21}},"98":{"start":{"line":161,"column":24},"end":{"line":163,"column":25}},"99":{"start":{"line":162,"column":28},"end":{"line":162,"column":80}},"100":{"start":{"line":165,"column":20},"end":{"line":165,"column":35}},"101":{"start":{"line":167,"column":16},"end":{"line":178,"column":17}},"102":{"start":{"line":168,"column":20},"end":{"line":174,"column":21}},"103":{"start":{"line":169,"column":24},"end":{"line":169,"column":55}},"104":{"start":{"line":172,"column":24},"end":{"line":172,"column":42}},"105":{"start":{"line":173,"column":24},"end":{"line":173,"column":65}},"106":{"start":{"line":176,"column":21},"end":{"line":178,"column":17}},"107":{"start":{"line":177,"column":20},"end":{"line":177,"column":66}},"108":{"start":{"line":182,"column":12},"end":{"line":182,"column":57}},"109":{"start":{"line":186,"column":8},"end":{"line":186,"column":62}},"110":{"start":{"line":189,"column":0},"end":{"line":189,"column":30}}},"fnMap":{"0":{"name":"(anonymous_0)","decl":{"start":{"line":2,"column":56},"end":{"line":2,"column":57}},"loc":{"start":{"line":2,"column":71},"end":{"line":4,"column":1}},"line":2},"1":{"name":"(anonymous_1)","decl":{"start":{"line":21,"column":4},"end":{"line":21,"column":5}},"loc":{"start":{"line":21,"column":28},"end":{"line":45,"column":5}},"line":21},"2":{"name":"(anonymous_2)","decl":{"start":{"line":46,"column":4},"end":{"line":46,"column":5}},"loc":{"start":{"line":46,"column":25},"end":{"line":48,"column":5}},"line":46},"3":{"name":"(anonymous_3)","decl":{"start":{"line":49,"column":4},"end":{"line":49,"column":5}},"loc":{"start":{"line":49,"column":24},"end":{"line":83,"column":5}},"line":49},"4":{"name":"(anonymous_4)","decl":{"start":{"line":84,"column":4},"end":{"line":84,"column":5}},"loc":{"start":{"line":84,"column":24},"end":{"line":132,"column":5}},"line":84},"5":{"name":"(anonymous_5)","decl":{"start":{"line":87,"column":37},"end":{"line":87,"column":38}},"loc":{"start":{"line":87,"column":49},"end":{"line":126,"column":13}},"line":87},"6":{"name":"(anonymous_6)","decl":{"start":{"line":133,"column":4},"end":{"line":133,"column":5}},"loc":{"start":{"line":133,"column":17},"end":{"line":184,"column":5}},"line":133},"7":{"name":"(anonymous_7)","decl":{"start":{"line":185,"column":4},"end":{"line":185,"column":5}},"loc":{"start":{"line":185,"column":26},"end":{"line":187,"column":5}},"line":185}},"branchMap":{"0":{"loc":{"start":{"line":2,"column":22},"end":{"line":4,"column":1}},"type":"binary-expr","locations":[{"start":{"line":2,"column":23},"end":{"line":2,"column":27}},{"start":{"line":2,"column":31},"end":{"line":2,"column":51}},{"start":{"line":2,"column":56},"end":{"line":4,"column":1}}],"line":2},"1":{"loc":{"start":{"line":3,"column":11},"end":{"line":3,"column":61}},"type":"cond-expr","locations":[{"start":{"line":3,"column":37},"end":{"line":3,"column":40}},{"start":{"line":3,"column":43},"end":{"line":3,"column":61}}],"line":3},"2":{"loc":{"start":{"line":3,"column":12},"end":{"line":3,"column":33}},"type":"binary-expr","locations":[{"start":{"line":3,"column":12},"end":{"line":3,"column":15}},{"start":{"line":3,"column":19},"end":{"line":3,"column":33}}],"line":3},"3":{"loc":{"start":{"line":33,"column":8},"end":{"line":35,"column":9}},"type":"if","locations":[{"start":{"line":33,"column":8},"end":{"line":35,"column":9}},{"start":{"line":33,"column":8},"end":{"line":35,"column":9}}],"line":33},"4":{"loc":{"start":{"line":33,"column":12},"end":{"line":33,"column":54}},"type":"binary-expr","locations":[{"start":{"line":33,"column":12},"end":{"line":33,"column":30}},{"start":{"line":33,"column":34},"end":{"line":33,"column":54}}],"line":33},"5":{"loc":{"start":{"line":36,"column":8},"end":{"line":38,"column":9}},"type":"if","locations":[{"start":{"line":36,"column":8},"end":{"line":38,"column":9}},{"start":{"line":36,"column":8},"end":{"line":38,"column":9}}],"line":36},"6":{"loc":{"start":{"line":42,"column":8},"end":{"line":44,"column":9}},"type":"if","locations":[{"start":{"line":42,"column":8},"end":{"line":44,"column":9}},{"start":{"line":42,"column":8},"end":{"line":44,"column":9}}],"line":42},"7":{"loc":{"start":{"line":53,"column":12},"end":{"line":57,"column":13}},"type":"if","locations":[{"start":{"line":53,"column":12},"end":{"line":57,"column":13}},{"start":{"line":53,"column":12},"end":{"line":57,"column":13}}],"line":53},"8":{"loc":{"start":{"line":58,"column":12},"end":{"line":72,"column":13}},"type":"if","locations":[{"start":{"line":58,"column":12},"end":{"line":72,"column":13}},{"start":{"line":58,"column":12},"end":{"line":72,"column":13}}],"line":58},"9":{"loc":{"start":{"line":65,"column":28},"end":{"line":67,"column":29}},"type":"if","locations":[{"start":{"line":65,"column":28},"end":{"line":67,"column":29}},{"start":{"line":65,"column":28},"end":{"line":67,"column":29}}],"line":65},"10":{"loc":{"start":{"line":73,"column":12},"end":{"line":78,"column":13}},"type":"if","locations":[{"start":{"line":73,"column":12},"end":{"line":78,"column":13}},{"start":{"line":73,"column":12},"end":{"line":78,"column":13}}],"line":73},"11":{"loc":{"start":{"line":73,"column":16},"end":{"line":73,"column":66}},"type":"binary-expr","locations":[{"start":{"line":73,"column":17},"end":{"line":73,"column":25}},{"start":{"line":73,"column":29},"end":{"line":73,"column":38}},{"start":{"line":73,"column":44},"end":{"line":73,"column":53}},{"start":{"line":73,"column":57},"end":{"line":73,"column":65}}],"line":73},"12":{"loc":{"start":{"line":76,"column":17},"end":{"line":78,"column":13}},"type":"if","locations":[{"start":{"line":76,"column":17},"end":{"line":78,"column":13}},{"start":{"line":76,"column":17},"end":{"line":78,"column":13}}],"line":76},"13":{"loc":{"start":{"line":76,"column":21},"end":{"line":76,"column":41}},"type":"binary-expr","locations":[{"start":{"line":76,"column":21},"end":{"line":76,"column":29}},{"start":{"line":76,"column":33},"end":{"line":76,"column":41}}],"line":76},"14":{"loc":{"start":{"line":88,"column":16},"end":{"line":125,"column":17}},"type":"if","locations":[{"start":{"line":88,"column":16},"end":{"line":125,"column":17}},{"start":{"line":88,"column":16},"end":{"line":125,"column":17}}],"line":88},"15":{"loc":{"start":{"line":89,"column":20},"end":{"line":124,"column":21}},"type":"switch","locations":[{"start":{"line":90,"column":24},"end":{"line":90,"column":34}},{"start":{"line":91,"column":24},"end":{"line":91,"column":34}},{"start":{"line":92,"column":24},"end":{"line":92,"column":34}},{"start":{"line":93,"column":24},"end":{"line":109,"column":25}},{"start":{"line":110,"column":24},"end":{"line":110,"column":35}},{"start":{"line":111,"column":24},"end":{"line":118,"column":25}},{"start":{"line":119,"column":24},"end":{"line":123,"column":25}}],"line":89},"16":{"loc":{"start":{"line":98,"column":32},"end":{"line":100,"column":33}},"type":"if","locations":[{"start":{"line":98,"column":32},"end":{"line":100,"column":33}},{"start":{"line":98,"column":32},"end":{"line":100,"column":33}}],"line":98},"17":{"loc":{"start":{"line":102,"column":28},"end":{"line":104,"column":29}},"type":"if","locations":[{"start":{"line":102,"column":28},"end":{"line":104,"column":29}},{"start":{"line":102,"column":28},"end":{"line":104,"column":29}}],"line":102},"18":{"loc":{"start":{"line":136,"column":12},"end":{"line":145,"column":13}},"type":"if","locations":[{"start":{"line":136,"column":12},"end":{"line":145,"column":13}},{"start":{"line":136,"column":12},"end":{"line":145,"column":13}}],"line":136},"19":{"loc":{"start":{"line":146,"column":12},"end":{"line":179,"column":13}},"type":"if","locations":[{"start":{"line":146,"column":12},"end":{"line":179,"column":13}},{"start":{"line":146,"column":12},"end":{"line":179,"column":13}}],"line":146},"20":{"loc":{"start":{"line":150,"column":16},"end":{"line":156,"column":17}},"type":"if","locations":[{"start":{"line":150,"column":16},"end":{"line":156,"column":17}},{"start":{"line":150,"column":16},"end":{"line":156,"column":17}}],"line":150},"21":{"loc":{"start":{"line":152,"column":20},"end":{"line":154,"column":21}},"type":"if","locations":[{"start":{"line":152,"column":20},"end":{"line":154,"column":21}},{"start":{"line":152,"column":20},"end":{"line":154,"column":21}}],"line":152},"22":{"loc":{"start":{"line":157,"column":16},"end":{"line":166,"column":17}},"type":"if","locations":[{"start":{"line":157,"column":16},"end":{"line":166,"column":17}},{"start":{"line":157,"column":16},"end":{"line":166,"column":17}}],"line":157},"23":{"loc":{"start":{"line":161,"column":24},"end":{"line":163,"column":25}},"type":"if","locations":[{"start":{"line":161,"column":24},"end":{"line":163,"column":25}},{"start":{"line":161,"column":24},"end":{"line":163,"column":25}}],"line":161},"24":{"loc":{"start":{"line":167,"column":16},"end":{"line":178,"column":17}},"type":"if","locations":[{"start":{"line":167,"column":16},"end":{"line":178,"column":17}},{"start":{"line":167,"column":16},"end":{"line":178,"column":17}}],"line":167},"25":{"loc":{"start":{"line":167,"column":20},"end":{"line":167,"column":39}},"type":"binary-expr","locations":[{"start":{"line":167,"column":20},"end":{"line":167,"column":27}},{"start":{"line":167,"column":31},"end":{"line":167,"column":39}}],"line":167},"26":{"loc":{"start":{"line":168,"column":20},"end":{"line":174,"column":21}},"type":"if","locations":[{"start":{"line":168,"column":20},"end":{"line":174,"column":21}},{"start":{"line":168,"column":20},"end":{"line":174,"column":21}}],"line":168},"27":{"loc":{"start":{"line":176,"column":21},"end":{"line":178,"column":17}},"type":"if","locations":[{"start":{"line":176,"column":21},"end":{"line":178,"column":17}},{"start":{"line":176,"column":21},"end":{"line":178,"column":17}}],"line":176},"28":{"loc":{"start":{"line":176,"column":25},"end":{"line":176,"column":69}},"type":"binary-expr","locations":[{"start":{"line":176,"column":26},"end":{"line":176,"column":32}},{"start":{"line":176,"column":36},"end":{"line":176,"column":44}},{"start":{"line":176,"column":50},"end":{"line":176,"column":57}},{"start":{"line":176,"column":61},"end":{"line":176,"column":68}}],"line":176}},"s":{"0":1,"1":1,"2":1,"3":1,"4":1,"5":105,"6":105,"7":105,"8":105,"9":105,"10":105,"11":105,"12":105,"13":105,"14":105,"15":105,"16":105,"17":105,"18":1,"19":104,"20":27,"21":103,"22":94,"23":94,"24":84,"25":22,"26":80,"27":27,"28":27,"29":27,"30":27,"31":27,"32":27,"33":27,"34":27,"35":27,"36":27,"37":26,"38":29,"39":30,"40":30,"41":30,"42":27,"43":26,"44":26,"45":0,"46":26,"47":26,"48":1,"49":172,"50":172,"51":172,"52":1179,"53":149,"54":109,"55":109,"56":109,"57":109,"58":109,"59":95,"60":109,"61":5,"62":101,"63":100,"64":100,"65":100,"66":30,"67":30,"68":29,"69":28,"70":28,"71":28,"72":10,"73":10,"74":10,"75":161,"76":11,"77":94,"78":94,"79":94,"80":94,"81":94,"82":387,"83":94,"84":0,"85":88,"86":31,"87":31,"88":31,"89":31,"90":7,"91":7,"92":0,"93":7,"94":31,"95":6,"96":6,"97":5,"98":5,"99":1,"100":4,"101":29,"102":24,"103":0,"104":24,"105":24,"106":5,"107":1,"108":10,"109":1477,"110":1},"f":{"0":1,"1":105,"2":80,"3":27,"4":172,"5":1179,"6":94,"7":1477},"b":{"0":[1,1,1],"1":[1,0],"2":[1,1],"3":[1,104],"4":[105,104],"5":[27,77],"6":[22,62],"7":[27,0],"8":[27,0],"9":[27,3],"10":[0,26],"11":[26,26,26,0],"12":[26,0],"13":[26,26],"14":[149,1030],"15":[43,59,103,109,25,30,10],"16":[95,14],"17":[5,101],"18":[94,0],"19":[31,57],"20":[7,24],"21":[0,7],"22":[6,25],"23":[1,4],"24":[24,5],"25":[29,24],"26":[0,24],"27":[1,4],"28":[5,5,4,0]},"inputSourceMap":{"version":3,"file":"C:/Users/sammi/project_team188/src/controller/QueryEngine/Parser.ts","sources":["C:/Users/sammi/project_team188/src/controller/QueryEngine/Parser.ts"],"names":[],"mappings":";;;;;AAAA,sDAA+C;AAC/C,4DAAyC;AAEzC,MAAqB,WAAW;IACxB,KAAK,CAAqB;IAC1B,OAAO,CAAW;IAClB,KAAK,CAAS;IACd,GAAG,CAAS;IACZ,IAAI,CAAW;IACf,KAAK,CAAW;IAChB,KAAK,CAAM;IACX,OAAO,CAAW;IAClB,SAAS,CAAiB;IAEzB,MAAM,CAAM;IACZ,WAAW,GAAG,CAAC,KAAK,EAAE,IAAI,EAAE,IAAI,EAAE,IAAI,EAAE,IAAI,EAAE,IAAI,EAAE,KAAK,CAAC,CAAC;IAC3D,KAAK,CAAU;IAEvB,YAAY,KAAU,EAAE,GAAa;QACpC,IAAI,CAAC,KAAK,GAAO,IAAI,GAAG,EAAe,CAAC;QACxC,IAAI,CAAC,OAAO,GAAK,EAAE,CAAC;QACpB,IAAI,CAAC,OAAO,GAAK,EAAE,CAAC;QACpB,IAAI,CAAC,KAAK,GAAM,EAAE,CAAC;QACnB,IAAI,CAAC,GAAG,GAAM,EAAE,CAAC;QACjB,IAAI,CAAC,IAAI,GAAO,EAAE,CAAC;QACnB,IAAI,CAAC,KAAK,GAAM,EAAE,CAAC;QACnB,IAAI,CAAC,KAAK,GAAO,EAAE,CAAC;QACpB,IAAI,CAAC,SAAS,GAAG,IAAI,mBAAc,CAAC,GAAG,CAAC,CAAC;QACzC,IAAI,CAAC,KAAK,GAAO,KAAK,CAAC;QAEvB,IAAI,CAAC,MAAM,GAAG,IAAI,CAAC,KAAK,CAAC,IAAI,CAAC,SAAS,CAAC,KAAK,CAAC,CAAC,CAAC;QAChD,IAAI,CAAC,IAAI,CAAC,MAAM,CAAC,KAAK,IAAI,CAAC,IAAI,CAAC,MAAM,CAAC,OAAO,EAAE;YAC/C,MAAM,IAAI,6BAAY,CAAC,0BAA0B,CAAC,CAAC;SACnD;QACD,IAAI,IAAI,CAAC,MAAM,CAAC,eAAe,EAAE;YAChC,IAAI,CAAC,QAAQ,CAAC,IAAI,CAAC,MAAM,CAAC,eAAe,CAAC,CAAC;SAC3C;QAED,IAAI,UAAU,GAAG,IAAI,CAAC,QAAQ,CAAC,IAAI,CAAC,MAAM,CAAC,KAAK,CAAC,CAAC;QAClD,IAAI,CAAC,KAAK,CAAC,GAAG,CAAC,UAAU,CAAC,CAAC,CAAC,EAAE,UAAU,CAAC,CAAC,CAAC,CAAC,CAAC;QAE7C,IAAI,CAAC,UAAU,EAAE,CAAC;QAElB,IAAI,IAAI,CAAC,MAAM,CAAC,eAAe,EAAE;YAChC,IAAI,CAAC,SAAS,CAAC,yBAAyB,EAAE,CAAC;SAC3C;IACF,CAAC;IAEM,kBAAkB;QACxB,OAAO,IAAI,CAAC,KAAK,CAAC;IACnB,CAAC;IAEO,QAAQ,CAAC,SAAc;QAC9B,IAAI;YACH,IAAI,QAAQ,GAAY,KAAK,CAAC;YAC9B,IAAI,QAAQ,GAAY,KAAK,CAAC;YAC9B,IAAI,IAAI,CAAC,WAAW,CAAC,SAAS,EAAE,OAAO,CAAC,EAAE;gBACzC,IAAI,CAAC,KAAK,GAAG,SAAS,CAAC,OAAO,CAAC,CAAC,QAAQ,EAAE,CAAC,KAAK,CAAC,GAAG,CAAC,CAAC;gBACtD,IAAI,CAAC,SAAS,CAAC,aAAa,CAAC,IAAI,CAAC,KAAK,CAAC,CAAC;gBACzC,QAAQ,GAAG,IAAI,CAAC;aAChB;YACD,IAAI,IAAI,CAAC,WAAW,CAAC,SAAS,EAAE,OAAO,CAAC,EAAE;gBACzC,IAAI,CAAC,KAAK,GAAG,IAAI,CAAC,KAAK,CAAC,IAAI,CAAC,SAAS,CAAC,SAAS,CAAC,OAAO,CAAC,CAAC,CAAC,CAAC;gBAC5D,IAAI,CAAC,SAAS,CAAC,aAAa,CAAC,IAAI,CAAC,KAAK,CAAC,CAAC;gBACzC,KAAK,MAAM,SAAS,IAAI,IAAI,CAAC,KAAK,EAAE;oBACnC,KAAK,MAAM,QAAQ,IAAI,IAAI,CAAC,KAAK,CAAC,SAAS,CAAC,EAAE;wBAC7C,KAAK,MAAM,UAAU,IAAI,IAAI,CAAC,KAAK,CAAC,SAAS,CAAC,CAAC,QAAQ,CAAC,EAAE;4BACzD,IAAI,GAAG,GAAW,IAAI,CAAC,KAAK,CAAC,SAAS,CAAC,CAAC,QAAQ,CAAC,CAAC,UAAU,CAAC,CAAC;4BAC9D,IAAI,IAAI,CAAC,OAAO,CAAC,OAAO,CAAC,GAAG,CAAC,KAAK,CAAC,CAAC,EAAE;gCACrC,IAAI,CAAC,OAAO,CAAC,IAAI,CAAC,GAAG,CAAC,CAAC;6BACvB;yBACD;qBACD;iBACD;gBACD,QAAQ,GAAG,IAAI,CAAC;aAChB;YAED,IAAG,CAAC,QAAQ,IAAI,CAAC,QAAQ,CAAC,IAAI,CAAC,CAAC,QAAQ,IAAI,QAAQ,CAAC,EAAE;gBACtD,MAAM,IAAI,KAAK,CAAC,sCAAsC,CAAC,CAAC;aACxD;iBAAM,IAAI,QAAQ,IAAI,QAAQ,EAAE;gBAChC,IAAI,CAAC,KAAK,GAAG,IAAI,CAAC;aAClB;SAED;QAAC,OAAO,GAAQ,EAAE;YAClB,MAAM,IAAI,6BAAY,CAAC,GAAG,CAAC,CAAC;SAC5B;IACF,CAAC;IAEO,QAAQ,CAAC,SAAc;QAC9B,IAAI;YACH,IAAI,GAAG,GAAU,EAAE,CAAC;YACpB,IAAI,CAAC,WAAW,CAAC,OAAO,CAAC,CAAC,MAAM,EAAE,EAAE;gBACnC,IAAI,IAAI,CAAC,WAAW,CAAC,SAAS,EAAE,MAAM,CAAC,EAAE;oBACxC,QAAO,MAAM,EAAE;wBACd,KAAK,IAAI,CAAC;wBACV,KAAK,IAAI,CAAC;wBACV,KAAK,IAAI,CAAC;wBACV,KAAK,IAAI,CAAC,CAAC;4BAEV,IAAI,SAAS,GAAa,EAAE,CAAC;4BAC7B,KAAK,MAAM,IAAI,IAAI,SAAS,CAAC,MAAM,CAAC,EAAE;gCACrC,SAAS,GAAG,IAAI,CAAC,KAAK,CAAC,GAAG,CAAC,CAAC;gCAC5B,SAAS,CAAC,IAAI,CAAC,SAAS,CAAC,MAAM,CAAC,CAAC,IAAI,CAAC,CAAC,CAAC;gCACxC,IAAI,IAAI,CAAC,OAAO,CAAC,OAAO,CAAC,IAAI,CAAC,KAAK,CAAC,CAAC,EAAE;oCACtC,IAAI,CAAC,OAAO,CAAC,IAAI,CAAC,IAAI,CAAC,CAAC;iCACxB;6BACD;4BACD,IAAG,CAAC,IAAI,CAAC,SAAS,CAAC,gBAAgB,CAAC,MAAM,EAAE,SAAS,CAAC,CAAC,CAAC,EAAE,SAAS,CAAC,CAAC,CAAC,CAAC,EAAE;gCACxE,MAAM,IAAI,KAAK,CAAC,cAAc,CAAC,CAAC;6BAChC;4BAED,IAAI,CAAC,SAAS,CAAC,gBAAgB,CAAC,SAAS,CAAC,CAAC,CAAC,CAAC,CAAC;4BAC9C,GAAG,CAAC,CAAC,CAAC,GAAG,MAAM,CAAC;4BAChB,GAAG,CAAC,CAAC,CAAC,GAAG,SAAS,CAAC;4BACnB,MAAM;yBAEN;wBACD,KAAK,KAAK,CAAC;wBACX,KAAK,IAAI,CAAC,CAAC;4BACV,IAAI,UAAU,GAAU,EAAE,CAAC;4BAC3B,UAAU,CAAC,CAAC,CAAC,GAAG,IAAI,CAAC,QAAQ,CAAC,IAAI,CAAC,KAAK,CAAC,IAAI,CAAC,SAAS,CAAC,SAAS,CAAC,MAAM,CAAC,CAAC,CAAC,CAAC,CAAC,CAAC,CAAC,CAAC;4BAChF,UAAU,CAAC,CAAC,CAAC,GAAG,IAAI,CAAC,QAAQ,CAAC,IAAI,CAAC,KAAK,CAAC,IAAI,CAAC,SAAS,CAAC,SAAS,CAAC,MAAM,CAAC,CAAC,CAAC,CAAC,CAAC,CAAC,CAAC,CAAC;4BAChF,GAAG,CAAC,CAAC,CAAC,GAAG,MAAM,CAAC;4BAChB,GAAG,CAAC,CAAC,CAAC,GAAG,UAAU,CAAC;4BACpB,MAAM;yBACN;wBACD,KAAK,KAAK,CAAC,CAAC;4BACX,GAAG,CAAC,CAAC,CAAC,GAAG,MAAM,CAAC;4BAChB,GAAG,CAAC,CAAC,CAAC,GAAG,IAAI,CAAC,QAAQ,CAAC,IAAI,CAAC,KAAK,CAAC,IAAI,CAAC,SAAS,CAAC,SAAS,CAAC,MAAM,CAAC,CAAC,CAAC,CAAC,CAAC;4BACtE,MAAM;yBACN;qBACD;iBACD;YACF,CAAC,CAAC,CAAC;YACH,OAAO,GAAG,CAAC;SACX;QAAC,OAAO,GAAQ,EAAE;YAClB,MAAM,IAAI,6BAAY,CAAC,GAAG,CAAC,CAAC;SAC5B;IACF,CAAC;IAEO,UAAU;QACjB,IAAI;YACH,MAAM,WAAW,GAAG,IAAI,CAAC,MAAM,CAAC,OAAO,CAAC;YACxC,IAAI,IAAI,CAAC,WAAW,CAAC,WAAW,EAAE,SAAS,CAAC,EAAE;gBAC7C,IAAI,CAAC,OAAO,GAAG,WAAW,CAAC,SAAS,CAAC,CAAC,QAAQ,EAAE,CAAC,KAAK,CAAC,GAAG,CAAC,CAAC;gBAC5D,KAAK,MAAM,CAAC,IAAI,IAAI,CAAC,OAAO,EAAE;oBAC7B,IAAI,CAAC,OAAO,CAAC,IAAI,CAAC,IAAI,CAAC,OAAO,CAAC,CAAC,CAAC,CAAC,CAAC;iBACnC;gBACD,IAAI,CAAC,SAAS,CAAC,cAAc,CAAC,IAAI,CAAC,OAAO,EAAE,IAAI,CAAC,OAAO,CAAC,CAAC;aAC1D;iBAAM;gBACN,MAAM,IAAI,KAAK,CAAC,gCAAgC,CAAC,CAAC;aAClD;YACD,IAAI,IAAI,CAAC,WAAW,CAAC,WAAW,EAAE,OAAO,CAAC,EAAE;gBAC3C,IAAI,IAAI,GAAG,WAAW,CAAC,OAAO,CAAC,CAAC;gBAChC,IAAI,MAAM,GAAY,KAAK,CAAC;gBAC5B,IAAI,OAAO,GAAY,KAAK,CAAC;gBAE7B,IAAI,IAAI,CAAC,WAAW,CAAC,IAAI,EAAE,KAAK,CAAC,EAAE;oBAClC,IAAI,CAAC,GAAG,GAAG,IAAI,CAAC,KAAK,CAAC,CAAC;oBACvB,IAAI,CAAC,IAAI,CAAC,SAAS,CAAC,eAAe,CAAC,IAAI,CAAC,GAAG,CAAC,EAAE;wBAC9C,MAAM,IAAI,KAAK,CAAC,sBAAsB,CAAC,CAAC;qBACxC;oBACD,MAAM,GAAG,IAAI,CAAC;iBACd;gBACD,IAAI,IAAI,CAAC,WAAW,CAAC,IAAI,EAAE,MAAM,CAAC,EAAE;oBACnC,IAAI,CAAC,IAAI,GAAG,IAAI,CAAC,MAAM,CAAC,CAAC;oBACzB,IAAI,CAAC,SAAS,CAAC,gBAAgB,CAAC,IAAI,CAAC,IAAI,CAAC,CAAC;oBAC3C,KAAK,MAAM,GAAG,IAAI,IAAI,CAAC,IAAI,EAAE;wBAC5B,IAAI,IAAI,CAAC,OAAO,CAAC,OAAO,CAAC,IAAI,CAAC,IAAI,CAAC,GAAG,CAAC,CAAC,KAAK,CAAC,CAAC,EAAE;4BAChD,MAAM,IAAI,KAAK,CAAC,kCAAkC,CAAC,CAAC;yBACpD;qBACD;oBACD,OAAO,GAAG,IAAI,CAAC;iBACf;gBAED,IAAI,CAAC,MAAM,IAAI,CAAC,OAAO,EAAE;oBACxB,IAAI,IAAI,KAAK,IAAI,EAAE;wBAClB,MAAM,IAAI,KAAK,CAAC,aAAa,CAAC,CAAC;qBAC/B;yBAAM;wBACN,IAAI,CAAC,KAAK,GAAG,IAAI,CAAC;wBAClB,IAAI,CAAC,SAAS,CAAC,aAAa,CAAC,IAAI,CAAC,KAAK,CAAC,CAAC;qBACzC;iBACD;qBAAM,IAAI,CAAC,MAAM,IAAI,CAAC,OAAO,CAAC,IAAI,CAAC,CAAC,MAAM,IAAI,OAAO,CAAC,EAAE;oBACxD,MAAM,IAAI,KAAK,CAAC,4BAA4B,CAAC,CAAC;iBAC9C;aACD;SACD;QAAC,OAAO,GAAQ,EAAE;YAClB,MAAM,IAAI,6BAAY,CAAC,GAAG,CAAC,CAAC;SAC5B;IACF,CAAC;IAGM,WAAW,CAAC,GAAW,EAAE,GAAW;QAC1C,OAAO,MAAM,CAAC,SAAS,CAAC,cAAc,CAAC,IAAI,CAAC,GAAG,EAAE,GAAG,CAAC,CAAC;IACvD,CAAC;CACD;AAhMD,8BAgMC","sourcesContent":["import {InsightError} from \"../IInsightFacade\";\r\nimport QueryValidator from \"./Validator\";\r\n\r\nexport default class QueryParser {\r\n\tpublic where: Map<string, any[]>;\r\n\tpublic columns: string[];\r\n\tpublic order: string;\r\n\tpublic dir: string;\r\n\tpublic keys: string[];\r\n\tpublic group: string[];\r\n\tpublic apply: any;\r\n\tpublic endCols: string[];\r\n\tpublic validator: QueryValidator;\r\n\r\n\tprivate parsed: any;\r\n\tprivate whereFields = [\"AND\", \"OR\", \"LT\", \"GT\", \"EQ\", \"IS\", \"NOT\"];\r\n\tprivate trans: boolean;\r\n\r\n\tconstructor(query: any, ids: string[]) {\r\n\t\tthis.where \t   = new Map<string, any>();\r\n\t\tthis.columns   = [];\r\n\t\tthis.endCols   = [];\r\n\t\tthis.order\t   = \"\";\r\n\t\tthis.dir\t   = \"\";\r\n\t\tthis.keys \t   = [];\r\n\t\tthis.group\t   = [];\r\n\t\tthis.apply \t   = [];\r\n\t\tthis.validator = new QueryValidator(ids);\r\n\t\tthis.trans \t   = false;\r\n\r\n\t\tthis.parsed = JSON.parse(JSON.stringify(query));\r\n\t\tif (!this.parsed.WHERE || !this.parsed.OPTIONS) {\r\n\t\t\tthrow new InsightError(\"Missing WHERE or OPTIONS\");\r\n\t\t}\r\n\t\tif (this.parsed.TRANSFORMATIONS) {\r\n\t\t\tthis.getTrans(this.parsed.TRANSFORMATIONS);\r\n\t\t}\r\n\r\n\t\tlet whereParts = this.getWhere(this.parsed.WHERE);\r\n\t\tthis.where.set(whereParts[0], whereParts[1]);\r\n\r\n\t\tthis.getOptions();\r\n\r\n\t\tif (this.parsed.TRANSFORMATIONS) {\r\n\t\t\tthis.validator.validateAllColumnsPresent();\r\n\t\t}\r\n\t}\r\n\r\n\tpublic hasTransformations() {\r\n\t\treturn this.trans;\r\n\t}\r\n\r\n\tprivate getTrans(transData: any) {\r\n\t\ttry {\r\n\t\t\tlet hasGroup: boolean = false;\r\n\t\t\tlet hasApply: boolean = false;\r\n\t\t\tif (this.containsKey(transData, \"GROUP\")) {\r\n\t\t\t\tthis.group = transData[\"GROUP\"].toString().split(\",\");\r\n\t\t\t\tthis.validator.validateGroup(this.group);\r\n\t\t\t\thasGroup = true;\r\n\t\t\t}\r\n\t\t\tif (this.containsKey(transData, \"APPLY\")) {\r\n\t\t\t\tthis.apply = JSON.parse(JSON.stringify(transData[\"APPLY\"]));\r\n\t\t\t\tthis.validator.validateApply(this.apply);\r\n\t\t\t\tfor (const applyRule in this.apply) {\r\n\t\t\t\t\tfor (const applyKey in this.apply[applyRule]) {\r\n\t\t\t\t\t\tfor (const applyToken in this.apply[applyRule][applyKey]) {\r\n\t\t\t\t\t\t\tlet key: string = this.apply[applyRule][applyKey][applyToken];\r\n\t\t\t\t\t\t\tif (this.columns.indexOf(key) === -1) {\r\n\t\t\t\t\t\t\t\tthis.columns.push(key);\r\n\t\t\t\t\t\t\t}\r\n\t\t\t\t\t\t}\r\n\t\t\t\t\t}\r\n\t\t\t\t}\r\n\t\t\t\thasApply = true;\r\n\t\t\t}\r\n\r\n\t\t\tif((hasGroup && !hasApply) || (!hasGroup && hasApply)) {\r\n\t\t\t\tthrow new Error(\"Missing attribute in transformation.\");\r\n\t\t\t} else if (hasGroup && hasApply) {\r\n\t\t\t\tthis.trans = true;\r\n\t\t\t}\r\n\r\n\t\t} catch (err: any) {\r\n\t\t\tthrow new InsightError(err);\r\n\t\t}\r\n\t}\r\n\r\n\tprivate getWhere(whereData: any): any[] {\r\n\t\ttry {\r\n\t\t\tlet ret: any[] = [];\r\n\t\t\tthis.whereFields.forEach((filter) => {\r\n\t\t\t\tif (this.containsKey(whereData, filter)) {\r\n\t\t\t\t\tswitch(filter) {\r\n\t\t\t\t\t\tcase \"GT\":\r\n\t\t\t\t\t\tcase \"LT\":\r\n\t\t\t\t\t\tcase \"IS\":\r\n\t\t\t\t\t\tcase \"EQ\": {\r\n\t\t\t\t\t\t\t// Split the \"sections_avg\" into [\"sections\", \"avg\"]\r\n\t\t\t\t\t\t\tlet valString: string[] = [];\r\n\t\t\t\t\t\t\tfor (const part in whereData[filter]) {\r\n\t\t\t\t\t\t\t\tvalString = part.split(\"_\");\r\n\t\t\t\t\t\t\t\tvalString.push(whereData[filter][part]);\r\n\t\t\t\t\t\t\t\tif (this.columns.indexOf(part) === -1) {\r\n\t\t\t\t\t\t\t\t\tthis.columns.push(part);\r\n\t\t\t\t\t\t\t\t}\r\n\t\t\t\t\t\t\t}\r\n\t\t\t\t\t
[...]
rt":{"line":19,"column":8},"end":{"line":19,"column":29}},"type":"binary-expr","locations":[{"start":{"line":19,"column":8},"end":{"line":19,"column":11}},{"start":{"line":19,"column":15},"end":{"line":19,"column":29}}],"line":19},"13":{"loc":{"start":{"line":21,"column":4},"end":{"line":21,"column":141}},"type":"if","locations":[{"start":{"line":21,"column":4},"end":{"line":21,"column":141}},{"start":{"line":21,"column":4},"end":{"line":21,"column":141}}],"line":21},"14":{"loc":{"start":{"line":21,"column":40},"end":{"line":21,"column":141}},"type":"if","locations":[{"start":{"line":21,"column":40},"end":{"line":21,"column":141}},{"start":{"line":21,"column":40},"end":{"line":21,"column":141}}],"line":21},"15":{"loc":{"start":{"line":21,"column":44},"end":{"line":21,"column":107}},"type":"binary-expr","locations":[{"start":{"line":21,"column":44},"end":{"line":21,"column":59}},{"start":{"line":21,"column":63},"end":{"line":21,"column":107}}],"line":21},"16":{"loc":{"start":{"line":25,"column":22},"end":{"line":27,"column":1}},"type":"binary-expr","locations":[{"start":{"line":25,"column":23},"end":{"line":25,"column":27}},{"start":{"line":25,"column":31},"end":{"line":25,"column":51}},{"start":{"line":25,"column":56},"end":{"line":27,"column":1}}],"line":25},"17":{"loc":{"start":{"line":26,"column":11},"end":{"line":26,"column":61}},"type":"cond-expr","locations":[{"start":{"line":26,"column":37},"end":{"line":26,"column":40}},{"start":{"line":26,"column":43},"end":{"line":26,"column":61}}],"line":26},"18":{"loc":{"start":{"line":26,"column":12},"end":{"line":26,"column":33}},"type":"binary-expr","locations":[{"start":{"line":26,"column":12},"end":{"line":26,"column":15}},{"start":{"line":26,"column":19},"end":{"line":26,"column":33}}],"line":26},"19":{"loc":{"start":{"line":34,"column":4},"end":{"line":77,"column":5}},"type":"if","locations":[{"start":{"line":34,"column":4},"end":{"line":77,"column":5}},{"start":{"line":34,"column":4},"end":{"line":77,"column":5}}],"line":34},"20":{"loc":{"start":{"line":49,"column":12},"end":{"line":59,"column":13}},"type":"if","locations":[{"start":{"line":49,"column":12},"end":{"line":59,"column":13}},{"start":{"line":49,"column":12},"end":{"line":59,"column":13}}],"line":49},"21":{"loc":{"start":{"line":50,"column":16},"end":{"line":58,"column":17}},"type":"if","locations":[{"start":{"line":50,"column":16},"end":{"line":58,"column":17}},{"start":{"line":50,"column":16},"end":{"line":58,"column":17}}],"line":50},"22":{"loc":{"start":{"line":53,"column":21},"end":{"line":58,"column":17}},"type":"if","locations":[{"start":{"line":53,"column":21},"end":{"line":58,"column":17}},{"start":{"line":53,"column":21},"end":{"line":58,"column":17}}],"line":53},"23":{"loc":{"start":{"line":56,"column":21},"end":{"line":58,"column":17}},"type":"if","locations":[{"start":{"line":56,"column":21},"end":{"line":58,"column":17}},{"start":{"line":56,"column":21},"end":{"line":58,"column":17}}],"line":56},"24":{"loc":{"start":{"line":61,"column":8},"end":{"line":69,"column":9}},"type":"if","locations":[{"start":{"line":61,"column":8},"end":{"line":69,"column":9}},{"start":{"line":61,"column":8},"end":{"line":69,"column":9}}],"line":61},"25":{"loc":{"start":{"line":61,"column":12},"end":{"line":61,"column":86}},"type":"binary-expr","locations":[{"start":{"line":61,"column":12},"end":{"line":61,"column":35}},{"start":{"line":61,"column":39},"end":{"line":61,"column":61}},{"start":{"line":61,"column":65},"end":{"line":61,"column":86}}],"line":61},"26":{"loc":{"start":{"line":63,"column":12},"end":{"line":68,"column":13}},"type":"if","locations":[{"start":{"line":63,"column":12},"end":{"line":68,"column":13}},{"start":{"line":63,"column":12},"end":{"line":68,"column":13}}],"line":63},"27":{"loc":{"start":{"line":71,"column":9},"end":{"line":77,"column":5}},"type":"if","locations":[{"start":{"line":71,"column":9},"end":{"line":77,"column":5}},{"start":{"line":71,"column":9},"end":{"line":77,"column":5}}],"line":71},"28":{"loc":{"start":{"line":72,"column":8},"end":{"line":76,"column":9}},"type":"if","locations":[{"start":{"line":72,"column":8},"end":{"line":76,"column":9}},{"start":{"line":72,"column":8},"end":{"line":76,"column":9}}],"line":72},"29":{"loc":{"start":{"line":91,"column":16},"end":{"line":95,"column":17}},"type":"if","locations":[{"start":{"line":91,"column":16},"end":{"line":95,"column":17}},{"start":{"line":91,"column":16},"end":{"line":95,"column":17}}],"line":91},"30":{"loc":{"start":{"line":104,"column":8},"end":{"line":106,"column":9}},"type":"if","locations":[{"start":{"line":104,"column":8},"end":{"line":106,"column":9}},{"start":{"line":104,"column":8},"end":{"line":106,"column":9}}],"line":104},"31":{"loc":{"start":{"line":111,"column":4},"end":{"line":157,"column":5}},"type":"if","locations":[{"start":{"line":111,"column":4},"end":{"line":157,"column":5}},{"start":{"line":111,"column":4},"end":{"line":157,"column":5}}],"line":111},"32":{"loc":{"start":{"line":113,"column":12},"end":{"line":129,"column":13}},"type":"if","locations":[{"start":{"line":113,"column":12},"end":{"line":129,"column":13}},{"start":{"line":113,"column":12},"end":{"line":129,"column":13}}],"line":113},"33":{"loc":{"start":{"line":114,"column":16},"end":{"line":128,"column":17}},"type":"if","locations":[{"start":{"line":114,"column":16},"end":{"line":128,"column":17}},{"start":{"line":114,"column":16},"end":{"line":128,"column":17}}],"line":114},"34":{"loc":{"start":{"line":117,"column":21},"end":{"line":128,"column":17}},"type":"if","locations":[{"start":{"line":117,"column":21},"end":{"line":128,"column":17}},{"start":{"line":117,"column":21},"end":{"line":128,"column":17}}],"line":117},"35":{"loc":{"start":{"line":120,"column":21},"end":{"line":128,"column":17}},"type":"if","locations":[{"start":{"line":120,"column":21},"end":{"line":128,"column":17}},{"start":{"line":120,"column":21},"end":{"line":128,"column":17}}],"line":120},"36":{"loc":{"start":{"line":123,"column":21},"end":{"line":128,"column":17}},"type":"if","locations":[{"start":{"line":123,"column":21},"end":{"line":128,"column":17}},{"start":{"line":123,"column":21},"end":{"line":128,"column":17}}],"line":123},"37":{"loc":{"start":{"line":126,"column":21},"end":{"line":128,"column":17}},"type":"if","locations":[{"start":{"line":126,"column":21},"end":{"line":128,"column":17}},{"start":{"line":126,"column":21},"end":{"line":128,"column":17}}],"line":126},"38":{"loc":{"start":{"line":131,"column":8},"end":{"line":149,"column":9}},"type":"if","locations":[{"start":{"line":131,"column":8},"end":{"line":149,"column":9}},{"start":{"line":131,"column":8},"end":{"line":149,"column":9}}],"line":131},"39":{"loc":{"start":{"line":131,"column":12},"end":{"line":132,"column":52}},"type":"binary-expr","locations":[{"start":{"line":131,"column":12},"end":{"line":131,"column":32}},{"start":{"line":131,"column":36},"end":{"line":131,"column":53}},{"start":{"line":131,"column":57},"end":{"line":131,"column":80}},{"start":{"line":132,"column":12},"end":{"line":132,"column":30}},{"start":{"line":132,"column":34},"end":{"line":132,"column":52}}],"line":131},"40":{"loc":{"start":{"line":151,"column":9},"end":{"line":157,"column":5}},"type":"if","locations":[{"start":{"line":151,"column":9},"end":{"line":157,"column":5}},{"start":{"line":151,"column":9},"end":{"line":157,"column":5}}],"line":151},"41":{"loc":{"start":{"line":152,"column":8},"end":{"line":156,"column":9}},"type":"if","locations":[{"start":{"line":152,"column":8},"end":{"line":156,"column":9}},{"start":{"line":152,"column":8},"end":{"line":156,"column":9}}],"line":152}},"s":{"0":1,"1":148,"2":148,"3":148,"4":148,"5":148,"6":364,"7":148,"8":0,"9":0,"10":0,"11":1,"12":1,"13":0,"14":1,"15":2,"16":1,"17":1,"18":1,"19":1,"20":148,"21":148,"22":1,"23":1,"24":1,"25":1,"26":1,"27":1,"28":1,"29":1,"30":1,"31":1917,"32":75,"33":75,"34":825,"35":370,"36":74,"37":296,"38":74,"39":222,"40":74,"41":75,"42":74,"43":74,"44":74,"45":74,"46":74,"47":1842,"48":913,"49":913,"50":1916,"51":1,"52":74,"53":74,"54":74,"55":74,"56":74,"57":74,"58":74,"59":74,"60":74,"61":74,"62":74,"63":74,"64":74,"65":74,"66":74,"67":518,"68":74,"69":74,"70":129940,"71":408,"72":4488,"73":1820,"74":364,"75":1456,"76":364,"77":1092,"78":364,"79":728,"80":364,"81":364,"82":364,"83":408,"84":364,"85":364,"86":364,"87":364,"88":129532,"89":67169,"90":67169,"91":129866},"f":{"0":148,"1":364,"2":0,"3":1,"4":0,"5":2,"6":1,"7":1917,"8":825,"9":74,"10":1916,"11":74,"12":74,"13":74,"14":74,"15":74,"16":74,"17":518,"18":129940,"19":4488,"20":129866},"b":{"0":[1,1,1],"1":[1,0],"2":[148,0],"3":[148,0],"4":[148,148],"5":[0,148],"6":[148,0],"7":[0,0],"8":[1,1,1],"9":[1,0],"10":[1,1,1],"11":[1,1],"12":[2,2],"13":[1,0],"14":[148,0],"15":[148,148],"16":[1,1,1],"17":[0,1],"18":[1,1],"19":[75,1842],"20":[370,455],"21":[74,296],"22":[74,222],"23":[74,148],"24":[74,1],"25":[75,74,74],"26":[74,0],"27":[913,929],"28":[913,0],"29":[74,0],"30":[74,444],"31":[408,129532],"32":[1820,2668],"33":[364,1456],"34":[364,1092],"35":[364,728],"36":[364,364],"37":[364,0],"38":[364,44],"39":[408,364,364,364,364],"40":[67169,62363],"41":[67169,0]},"inputSourceMap":{"version":3,"file":"C:/Users/sammi/project_team188/src/controller/InsightFacadeAddBuilding.ts","sources":["C:/Users/sammi/project_team188/src/controller/InsightFacadeAddBuilding.ts"],"names":[],"mappings":";;;;;;;;;;;;;;;;;;;;;;;;;;;;;AACA,+CAAiC;AACjC,gDAAwB;AACxB,6CAA+B;AAe/B,SAAS,mBAAmB,CAAC,IAAS,EAAE,GAAW,EAAE,GAAU,EAAE,EAAU,EAAE,QAA6B;IACzG,IAAI,IAAI,CAAC,QAAQ,KAAK,IAAI,EAAE;QAC3B,IAAI,IAAI,GAAS;YAChB,QAAQ,EAAE,IAAI;YACd,SAAS,EAAE,IAAI;YACf,MAAM,EAAE,IAAI;YACZ,IAAI,EAAE,IAAI;YACV,OAAO,EAAE,IAAI;YACb,GAAG,EAAE,CAAC,CAAC;YACP,GAAG,EAAE,CAAC,CAAC;YACP,KAAK,EAAE,CAAC,CAAC;YACT,IAAI,EAAE,IAAI;YACV,SAAS,EAAE,IAAI;YACf,IAAI,EAAE,IAAI;SACV,CAAC;QACF,IAAI,CAAC,UAAU,CAAC,OAAO,CAAC,CAAC,KAAU,EAAE,EAAE;YACtC,IAAI,KAAK,CAAC,QAAQ,KAAK,IAAI,EAAE;gBAC5B,IAAI,KAAK,CAAC,KAAK,CAAC,CAAC,CAAC,CAAC,KAAK,KAAK,6CAA6C,EAAE;oBAC3E,IAAI,CAAC,SAAS,GAAG,KAAK,CAAC,UAAU,CAAC,CAAC,CAAC,CAAC,KAAK,CAAC,IAAI,EAAE,CAAC;iBAClD;qBAAM,IAAI,KAAK,CAAC,KAAK,CAAC,CAAC,CAAC,CAAC,KAAK,KAAK,+BAA+B,EAAE;oBACpE,IAAI,CAAC,QAAQ,GAAG,KAAK,CAAC,UAAU,CAAC,CAAC,CAAC,CAAC,UAAU,CAAC,CAAC,CAAC,CAAC,KAAK,CAAC,IAAI,EAAE,CAAC;iBAC/D;qBAAM,IAAI,KAAK,CAAC,KAAK,CAAC,CAAC,CAAC,CAAC,KAAK,KAAK,gDAAgD,EAAE;oBACrF,IAAI,CAAC,OAAO,GAAG,KAAK,CAAC,UAAU,CAAC,CAAC,CAAC,CAAC,KAAK,CAAC,IAAI,EAAE,CAAC;iBAChD;aACD;QACF,CAAC,CAAC,CAAC;QACH,IAAI,IAAI,CAAC,SAAS,KAAK,IAAI,IAAI,IAAI,CAAC,QAAQ,KAAK,IAAI,IAAI,IAAI,CAAC,OAAO,KAAK,IAAI,EAAE;YAC/E,IAAI,EAAE,GAAG,GAAG,CAAC,IAAI,CAAC,2CAA2C,GAAG,IAAI,CAAC,SAAS,GAAG,MAAM,CAAC,CAAC;YACzF,IAAI,EAAE,EAAE;gBACP,QAAQ,CAAC,IAAI,CAAC,EAAE,CAAC,KAAK,CAAC,QAAQ,CAAC,CAAC,IAAI,CAAC,CAAC,IAAI,EAAE,EAAE;oBAC9C,IAAI,QAAQ,GAAG,MAAM,CAAC,KAAK,CAAC,IAAI,CAAC,CAAC;oBAClC,OAAO,cAAc,CAAC,IAAI,EAAE,QAAQ,EAAE,GAAG,EAAE,EAAE,CAAC,CAAC;gBAChD,CAAC,CAAC,CAAC,CAAC;aACJ;SACD;KACD;SAAM,IAAI,IAAI,CAAC,UAAU,EAAE;QAE3B,IAAI,KAAK,CAAC,OAAO,CAAC,IAAI,CAAC,UAAU,CAAC,EAAE;YACnC,IAAI,CAAC,UAAU,CAAC,OAAO,CAAC,CAAC,SAAc,EAAE,EAAE;gBAC1C,mBAAmB,CAAC,SAAS,EAAE,GAAG,EAAE,GAAG,EAAE,EAAE,EAAE,QAAQ,CAAC,CAAC;YACxD,CAAC,CAAC,CAAC;SACH;KACD;AACF,CAAC;AA8EA,kDAAmB;AA5EpB,SAAS,cAAc,CAAC,IAAU,EAAE,QAAa,EAAE,GAAW,EAAE,EAAU;IACzE,OAAO,IAAI,OAAO,CAAC,CAAC,OAAO,EAAE,MAAM,EAAE,EAAE;QACtC,cAAI,CAAC,GAAG,CAAC,+DAA+D;YAC9D,kBAAkB,CAAC,IAAI,CAAC,OAAO,CAAC,EAAE,CAAC,GAAG,EAAE,EAAE;YACnD,IAAI,IAAI,GAAG,EAAE,CAAC;YACd,GAAG,CAAC,EAAE,CAAC,MAAM,EAAE,CAAC,CAAC,EAAE,EAAE;gBACpB,IAAI,IAAI,CAAC,CAAC;YACX,CAAC,CAAC,CAAC;YACH,GAAG,CAAC,EAAE,CAAC,KAAK,EAAE,GAAG,EAAE;gBAClB,IAAI,KAAK,GAAG,CAAC,CAAC;gBACd,MAAM,QAAQ,GAAQ,IAAI,CAAC,KAAK,CAAC,IAAI,CAAC,CAAC;gBACvC,IAAI,CAAC,CAAC,MAAM,CAAC,SAAS,CAAC,cAAc,CAAC,IAAI,CAAC,QAAQ,EAAE,OAAO,CAAC,CAAC,EAAC;oBAC9D,IAAI,CAAC,GAAG,GAAG,QAAQ,CAAC,GAAG,CAAC;oBACxB,IAAI,CAAC,GAAG,GAAG,QAAQ,CAAC,GAAG,CAAC;oBACxB,KAAK,IAAI,oBAAoB,CAAC,IAAI,EAAE,QAAQ,EAAE,GAAG,EAAE,EAAE,CAAC,CAAC;iBACvD;gBACD,OAAO,CAAC,KAAK,CAAC,CAAC;YAChB,CAAC,CAAC,CAAC;QACJ,CAAC,CAAC,CAAC;IACJ,CAAC,CAAC,CAAC;AACJ,CAAC;AACD,SAAS,oBAAoB,CAAC,IAAU,EAAE,QAAa,EAAE,GAAW,EAAE,EAAU;IAC/E,IAAI,KAAK,GAAG,CAAC,CAAC;IACd,QAAQ,CAAC,UAAU,CAAC,OAAO,CAAC,CAAC,KAAU,EAAG,EAAE;QAC3C,IAAI,KAAK,CAAC,QAAQ,KAAK,MAAM,EAAE;YAC9B,oBAAoB,CAAC,KAAK,EAAE,IAAI,EAAE,GAAG,EAAE,EAAE,CAAC,CAAC;SAC3C;IACF,CAAC,CAAC,CAAC;IACH,OAAO,KAAK,CAAC;AACd,CAAC;AACD,SAAS,oBAAoB,CAAC,IAAS,EAAE,IAAU,EAAE,GAAW,EAAE,EAAU;IAC3E,IAAI,IAAI,CAAC,QAAQ,KAAK,IAAI,EAAE;QAC3B,IAAI,CAAC,UAAU,CAAC,OAAO,CAAC,CAAC,KAAU,EAAE,EAAE;YACtC,IAAI,KAAK,CAAC,QAAQ,KAAK,IAAI,EAAC;gBAC3B,IAAI,KAAK,CAAC,KAAK,CAAC,CAAC,CAAC,CAAC,KAAK,KAAK,2CAA2C,EAAC;oBACxE,IAAI,CAAC,MAAM,GAAG,KAAK,CAAC,UAAU,CAAC,CAAC,CAAC,CAAC,UAAU,CAAC,CAAC,CAAC,CAAC,KAAK,CAAC,IAAI,EAAE,CAAC;iBAC7D;qBAAM,IAAI,KAAK,CAAC,KAAK,CAAC,CAAC,CAAC,CAAC,KAAK,KAAK,6CAA6C,EAAC;oBACjF,IAAI,CAAC,KAAK,GAAG,MAAM,CAAC,KAAK,CAAC,UAAU,CAAC,CAAC,CAAC,CAAC,KAAK,CAAC,IAAI,EAAE,CAAC,CAAC;iBACtD;qBAAM,IAAI,KAAK,CAAC,KAAK,CAAC,CAAC,CAAC,CAAC,KAAK,KAAK,8CAA8C,EAAE;oBACnF,IAAI,CAAC,SAAS,GAAG,KAAK,CAAC,UAAU,CAAC,CAAC,CAAC,CAAC,KAAK,CAAC,IAAI,EAAE,CAAC;iBAClD;qBAAM,IAAI,KAAK,CAAC,KAAK,CAAC,CAAC,CAAC,CAAC,KAAK,KAAK,yCAAyC,EAAE;oBAC9E,IAAI,CAAC,IAAI,GAAG,KAAK,CAAC,UAAU,CAAC,CAAC,CAAC,CAAC,KAAK,CAAC,IAAI,EAAE,CAAC;iBAC7C;qBAAM,IAAI,KAAK,CAAC,KAAK,CAAC,CAAC,CAAC,CAAC,KAAK,KAAK,iCAAiC,EAAC;oBACrE,IAAI,CAAC,IAAI,GAAG,KAAK,CAAC,UAAU,CAAC,CAAC,CAAC,CAAC,KAAK,CAAC,CAAC,CAAC,CAAC,KAAK,CAAC,IAAI,EAAE,CAAC;iBACtD;aACD;QACF,CAAC,CAAC,CAAC;QACH,IAAI,IAAI,CAAC,MAAM,KAAK,IAAI,IAAI,IAAI,CAAC,KAAK,KAAK,CAAC,CAAC,IAAI,IAAI,CAAC,SAAS,KAAK,IAAI;YACvE,IAAI,CAAC,IAAI,KAAK,IAAI,IAAI,IAAI,CAAC,IAAI,KAAK,IAAI,EAAC;YACzC,IAAI,CAAC,IAAI,GAAG,IAAI,CAAC,SAAS,GAAG,GAAG,GAAG,IAAI,CAAC,MAAM,CAAC;YAC/C,EAAE,CAAC,cAAc,CAAC,SAAS,GAAG,EAAE,GAAG,SAAS,GAAG,IAAI,CAAC,IAAI,GAAG,OAAO,EAAE,IAAI,CAAC,CAAC;YAC1E,IAAI,EAAE,GAAG;gBACR,QAAQ,EAAE,IAAI,CAAC,QAAQ;gBACvB,SAAS,EAAE,IAAI,CAAC,SAAS;gBACzB,MAAM,EAAE,IAAI,CAAC,MAAM;gBACnB,IAAI,EAAE,IAAI,CAAC,IAAI;gBACf,OAAO,EAAE,IAAI,CAAC,OAAO;gBACrB,GAAG,EAAE,IAAI,CAAC,GAAG;gBACb,GAAG,EAAE,IAAI,CAAC,GAAG;gBACb,KAAK,EAAE,IAAI,CAAC,KAAK;gBACjB,IAAI,EAAE,IAAI,CAAC,IAAI;gBACf,SAAS,EAAE,IAAI,CAAC,SAAS;gBACzB,IAAI,EAAE,IAAI,CAAC,IAAI;aACf,CAAC;YACF,GAAG,CAAC,IAAI,CAAC,EAAE,CAAC,CAAC;SACb;KACD;SAAM,IAAI,IAAI,CAAC,UAAU,EAAE;QAE3B,IAAI,KAAK,CAAC,OAAO,CAAC,IAAI,CAAC,UAAU,CAAC,EAAE;YACnC,IAAI,CAAC,UAAU,CAAC,OAAO,CAAC,CAAC,SAAc,EAAE,EAAE;gBAC1C,oBAAoB,CAAC,SAAS,EAAE,IAAI,EAAE,GAAG,EAAE,EAAE,CAAC,CAAC;YAChD,CAAC,CAAC,CAAC;SACH;KACD;AACF,CAAC","sourcesContent":["import JSZip from \"jszip\";\r\nimport * as parse5 from \"parse5\";\r\nimport http from \"http\";\r\nimport * as fs from \"fs-extra\";\r\n\r\ninterface Room {\r\n    fullname: string;\r\n    shortname: string;\r\n    number: string;\r\n    name: string;\r\n    address: string;\r\n    lat: number;\r\n    lon: number;\r\n    seats: number;\r\n    type: string;\r\n    furniture: string;\r\n    href: string;\r\n}\r\nfunction findTableAndProcess(node: any, arr: Room[], zip: JSZip, id: string, promises: Array<Promise<any>>) {\r\n\tif (node.nodeName === \"tr\") {\r\n\t\tlet room: Room = {\r\n\t\t\tfullname: \"-1\",\r\n\t\t\tshortname: \"-1\",\r\n\t\t\tnumber: \"-1\",\r\n\t\t\tname: \"-1\",\r\n\t\t\taddress: \"-1\",\r\n\t\t\tlat: -1,\r\n\t\t\tlon: -1,\r\n\t\t\tseats: -1,\r\n\t\t\ttype: \"-1\",\r\n\t\t\tfurniture: \"-1\",\r\n\t\t\thref: \"-1\",\r\n\t\t};\r\n\t\tnode.childNodes.forEach((node3: any) => {\r\n\t\t\tif (node3.nodeName === \"td\") {\r\n\t\t\t\tif (node3.attrs[0].value === \"views-field views-field-field-building-code\") {\r\n\t\t\t\t\troom.shortname = node3.childNodes[0].value.trim();\r\n\t\t\t\t} else if (node3.attrs[0].value === \"views-field views-field-title\") {\r\n\t\t\t\t\troom.fullname = node3.childNodes[1].childNodes[0].value.trim();\r\n\t\t\t\t} else if (node3.attrs[0].value === \"views-field views-field-field-building-address\") {\r\n\t\t\t\t\troom.address = node3.childNodes[0].value.trim();\r\n\t\t\t\t}\r\n\t\t\t}\r\n\t\t});\r\n\t\tif (room.shortname !== \"-1\" && room.fullname !== \"-1\" && room.address !== \"-1\") {\r\n\t\t\tlet rm = zip.file(\"campus/discover/buildings-and-classrooms/\" + room.shortname + \".htm\");\r\n\t\t\tif (rm) {\r\n\t\t\t\tpromises.push(rm.async(\"string\").then((data) => {\r\n\t\t\t\t\tlet document = parse5.parse(data);\r\n\t\t\t\t\treturn makeGetRequest(room, document, arr, id);\r\n\t\t\t\t}));\r\n\t\t\t}\r\n\t\t}\r\n\t} else if (node.childNodes) {\r\n\t\t// Check if node has child nodes\r\n\t\tif (Array.isArray(node.childNodes)) {\r\n\t\t\tnode.childNodes.forEach((childNode: any) => {\r\n\t\t\t\tfindTableAndProcess(childNode, arr, zip, id, promises);\r\n\t\t\t});\r\n\t\t}\r\n\t}\r\n}\r\n\r\nfunction makeGetRequest(room: Room, document: any, arr: Room[], id: string): Promise<number> {\r\n\treturn new Promise((resolve, reject) => {\r\n\t\thttp.get(\"http://cs310.students.cs.ubc.ca:11316/api/v1/project_team188/\" +\r\n            encodeURIComponent(room.address), (res) => {\r\n\t\t\tlet data = \"\";\r\n\t\t\tres.on(\"data\", (d) => {\r\n\t\t\t\tdata += d;\r\n\t\t\t});\r\n\t\t\tres.on(\"end\", () => {\r\n\t\t\t\tlet count = 0;\r\n\t\t\t\tconst jsonData: any = JSON.parse(data);\r\n\t\t\t\tif (!(Object.prototype.hasOwnProperty.call(jsonData, \"error\"))){\r\n\t\t\t\t\troom.lat = jsonData.lat;\r\n\t\t\t\t\troom.lon = jsonData.lon;\r\n\t\t\t\t\tcount += makeGetRequestHelper(room, document, arr, id);\r\n\t\t\t\t}\r\n\t\t\t\tresolve(count);\r\n\t\t\t});\r\n\t\t});\r\n\t});\r\n}\r\nfunction makeGetRequestHelper(room: Room, document: any, arr: Room[], id: string): number{\r\n\tlet count = 0;\r\n\tdocument.childNodes.forEach((node4: any ) => {\r\n\t\tif (node4.nodeName === \"html\") {\r\n\t\t\tfindTableAndProcess2(node4, room, arr, id);\r\n\t\t}\r\n\t});\r\n\treturn count;\r\n}\r\nfunction findTableAndProcess2(node: any, room: Room, arr: Room[], id: string) {\r\n\tif (node.nodeName === \"tr\") {\r\n\t\tnode.childNodes.forEach((node3: any) => {\r\n\t\t\tif (node3.nodeName === \"td\"){\r\n\t\t\t\tif (node3.attrs[0].value === \"views-field views-field-field-room-number\"){\r\n\t\t\t\t\troom.number = node3.childNodes[1].childNodes[0].value.trim();\r\n\t\t\t\t} else if (node3.attrs[0].value === \"views-field views-field-field-room-capacity\"){\r\n\t\t\t\t\troom.seats = Number(node3.childNodes[0].value.trim());\r\n\t\t\t\t} else if (node3.attrs[0].value === \"views-field views-field-field-room-furniture\") {\r\n\t\t\t\t\troom.furniture = node3.childNodes[0].value.trim();\r\n\t\t\t\t} else if (node3.attrs[0].value === \"views-field views-field-field-room-type\") {\r\n\t\t\t\t\troom.type = node3.childNodes[0].value.trim();\r\n\t\t\t\t} else if (node3.attrs[0].value === \"views-field views-field-nothing\"){\r\n\t\t\t\t\troom.href = node3.childNodes[1].attrs[0].value.trim();\r\n\t\t\t\t}\r\n\t\t\t}\r\n\t\t});\r\n\t\tif (room.number !== \"-1\" && room.seats !== -1 && room.furniture !== \"-1\" &&\r\n\t\t\troom.type !== \"-1\" && room.href !== \"-1\"){\r\n\t\t\troom.name = room.shortname + \"_\" + room.number;\r\n\t\t\tfs.outputJSONSync(\"./data/\" + id + \"/rooms/\" + room.name + \".json\", room);\r\n\t\t\tlet rm = {\r\n\t\t\t\tfullname: room.fullname,\r\n\t\t\t\tshortname: room.shortname,\r\n\t\t\t\tnumber: room.number,\r\n\t\t\t\tname: room.name,\r\n\t\t\t\taddress: room.address,\r\n\t\t\t\tlat: room.lat,\r\n\t\t\t\tlon: room.lon,\r\n\t\t\t\tseats: room.seats,\r\n\t\t\t\ttype: room.type,\r\n\t\t\t\tfurniture: room.furniture,\r\n\t\t\t\thref: room.href,\r\n\t\t\t};\r\n\t\t\tarr.push(rm);\r\n\t\t}\r\n\t} else if (node.childNodes) {\r\n\t\t// Check if node has child nodes\r\n\t\tif (Array.isArray(node.childNodes)) {\r\n\t\t\tnode.childNodes.forEach((childNode: any) => {\r\n\t\t\t\tfindTableAndProcess2(childNode, room, arr, id);\r\n\t\t\t});\r\n\t\t}\r\n\t}\r\n}\r\nexport {\r\n\tfindTableAndProcess,\r\n};\r\n"]},"_coverageSchema":"1a1c01bbd47fc00a2c39e90264f33305004495a9","hash":"24cd4e76fa2b10e3d1a78c4a0c6411fec6a25b7e","contentHash":"03d0c744ada37886583622f37d6a66feeaeca515fde580efb609f1ce3a9b0d9e"}}